2025-10-02 07:00:02,733 - ERROR - 程序执行出错: name 'ExcelMerger' is not defined
2025-10-02 07:05:22,816 - INFO - [义乌市亮彩网络] 开始下载处理
2025-10-02 07:05:25,178 - INFO - [义乌市亮彩网络] Cookie获取成功
2025-10-02 07:05:25,983 - INFO - [义乌市亮彩网络] API响应状态: 200
2025-10-02 07:05:25,984 - INFO - [义乌市亮彩网络] API响应内容: {"status":"0","msg":"success","content":{"taskName":"默认纵版-20251001-全部-全部-RDC-纵版-实时"}}
2025-10-02 07:05:26,385 - INFO - [义乌市亮彩网络] 开始监控报表状态...
2025-10-02 07:05:26,393 - INFO - [义乌市亮彩网络] 动态Cookie获取成功
2025-10-02 07:05:26,393 - INFO - [义乌市亮彩网络] 第1次检查报表状态...
2025-10-02 07:05:27,096 - INFO - [义乌市亮彩网络] 报表: 默认纵版-20251001-全部-全部-RDC-纵版-实时, 状态: 1
2025-10-02 07:05:27,096 - INFO - [义乌市亮彩网络] [等待] 报表状态为 1，1秒后重新检查...
2025-10-02 07:05:28,060 - INFO - [义乌市亮彩网络] 刷新 已点击页面刷新按钮
2025-10-02 07:05:30,070 - INFO - [义乌市亮彩网络] 第2次检查报表状态...
2025-10-02 07:05:30,719 - INFO - [义乌市亮彩网络] 报表: 默认纵版-20251001-全部-全部-RDC-纵版-实时, 状态: 1
2025-10-02 07:05:30,719 - INFO - [义乌市亮彩网络] [等待] 报表状态为 1，1秒后重新检查...
2025-10-02 07:05:31,665 - INFO - [义乌市亮彩网络] 刷新 已点击页面刷新按钮
2025-10-02 07:05:33,678 - INFO - [义乌市亮彩网络] 第3次检查报表状态...
2025-10-02 07:05:34,389 - INFO - [义乌市亮彩网络] 报表: 默认纵版-20251001-全部-全部-RDC-纵版-实时, 状态: 1
2025-10-02 07:05:34,390 - INFO - [义乌市亮彩网络] [等待] 报表状态为 1，1秒后重新检查...
2025-10-02 07:05:35,326 - INFO - [义乌市亮彩网络] 刷新 已点击页面刷新按钮
2025-10-02 07:05:37,341 - INFO - [义乌市亮彩网络] 第4次检查报表状态...
2025-10-02 07:05:38,000 - INFO - [义乌市亮彩网络] 报表: 默认纵版-20251001-全部-全部-RDC-纵版-实时, 状态: 1
2025-10-02 07:05:38,001 - INFO - [义乌市亮彩网络] [等待] 报表状态为 1，1秒后重新检查...
2025-10-02 07:05:38,940 - INFO - [义乌市亮彩网络] 刷新 已点击页面刷新按钮
2025-10-02 07:05:53,062 - INFO - [义乌市亮彩网络] 开始下载处理
2025-10-02 07:05:54,550 - INFO - [义乌市亮彩网络] Cookie获取成功
2025-10-02 07:05:55,330 - INFO - [义乌市亮彩网络] API响应状态: 200
2025-10-02 07:05:55,331 - INFO - [义乌市亮彩网络] API响应内容: {"status":"0","msg":"success","content":{"taskName":"默认纵版-20251001-全部-全部-RDC-纵版-实时"}}
2025-10-02 07:05:55,672 - INFO - [义乌市亮彩网络] 开始监控报表状态...
2025-10-02 07:05:55,679 - INFO - [义乌市亮彩网络] 动态Cookie获取成功
2025-10-02 07:05:55,679 - INFO - [义乌市亮彩网络] 第1次检查报表状态...
2025-10-02 07:05:56,400 - INFO - [义乌市亮彩网络] 报表: 默认纵版-20251001-全部-全部-RDC-纵版-实时, 状态: 1
2025-10-02 07:05:56,400 - INFO - [义乌市亮彩网络] [等待] 报表状态为 1，1秒后重新检查...
2025-10-02 07:05:57,353 - INFO - [义乌市亮彩网络] 刷新 已点击页面刷新按钮
2025-10-02 07:05:59,361 - INFO - [义乌市亮彩网络] 第2次检查报表状态...
2025-10-02 07:06:00,060 - INFO - [义乌市亮彩网络] 报表: 默认纵版-20251001-全部-全部-RDC-纵版-实时, 状态: 1
2025-10-02 07:06:00,060 - INFO - [义乌市亮彩网络] [等待] 报表状态为 1，1秒后重新检查...
2025-10-02 07:06:01,077 - INFO - [义乌市亮彩网络] 刷新 已点击页面刷新按钮
2025-10-02 07:06:03,094 - INFO - [义乌市亮彩网络] 第3次检查报表状态...
2025-10-02 07:06:03,789 - INFO - [义乌市亮彩网络] 报表: 默认纵版-20251001-全部-全部-RDC-纵版-实时, 状态: 1
2025-10-02 07:06:03,789 - INFO - [义乌市亮彩网络] [等待] 报表状态为 1，1秒后重新检查...
2025-10-02 07:06:04,724 - INFO - [义乌市亮彩网络] 刷新 已点击页面刷新按钮
2025-10-02 07:06:06,740 - INFO - [义乌市亮彩网络] 第4次检查报表状态...
2025-10-02 07:06:07,427 - INFO - [义乌市亮彩网络] 报表: 默认纵版-20251001-全部-全部-RDC-纵版-实时, 状态: 2
2025-10-02 07:06:07,428 - INFO - [义乌市亮彩网络] 成功 报表已完成！开始下载...
2025-10-02 07:06:08,253 - INFO - [义乌市亮彩网络] 成功 文件下载完成: D:\yingdao\jd\库存表\2025-10-01\义乌市亮彩网络.xlsx
2025-10-02 07:06:08,942 - INFO - [七色纺自营] 开始下载处理
2025-10-02 07:06:10,771 - INFO - [七色纺自营] Cookie获取成功
2025-10-02 07:06:11,546 - INFO - [七色纺自营] API响应状态: 200
2025-10-02 07:06:11,548 - INFO - [七色纺自营] API响应内容: {"status":"0","msg":"success","content":{"taskName":"默认纵版-20251001-全部-全部-RDC-纵版-实时"}}
2025-10-02 07:06:12,207 - INFO - [七色纺自营] 开始监控报表状态...
2025-10-02 07:06:12,215 - INFO - [七色纺自营] 动态Cookie获取成功
2025-10-02 07:06:12,215 - INFO - [七色纺自营] 第1次检查报表状态...
2025-10-02 07:06:12,988 - INFO - [七色纺自营] 报表: 默认纵版-20251001-全部-全部-RDC-纵版-实时, 状态: 1
2025-10-02 07:06:12,988 - INFO - [七色纺自营] [等待] 报表状态为 1，1秒后重新检查...
2025-10-02 07:06:14,033 - INFO - [七色纺自营] 刷新 已点击页面刷新按钮
2025-10-02 07:06:16,041 - INFO - [七色纺自营] 第2次检查报表状态...
2025-10-02 07:06:16,738 - INFO - [七色纺自营] 报表: 默认纵版-20251001-全部-全部-RDC-纵版-实时, 状态: 1
2025-10-02 07:06:16,739 - INFO - [七色纺自营] [等待] 报表状态为 1，1秒后重新检查...
2025-10-02 07:06:17,723 - INFO - [七色纺自营] 刷新 已点击页面刷新按钮
2025-10-02 07:06:19,736 - INFO - [七色纺自营] 第3次检查报表状态...
2025-10-02 07:06:20,392 - INFO - [七色纺自营] 报表: 默认纵版-20251001-全部-全部-RDC-纵版-实时, 状态: 1
2025-10-02 07:06:20,393 - INFO - [七色纺自营] [等待] 报表状态为 1，1秒后重新检查...
2025-10-02 07:06:21,376 - INFO - [七色纺自营] 刷新 已点击页面刷新按钮
2025-10-02 07:06:23,388 - INFO - [七色纺自营] 第4次检查报表状态...
2025-10-02 07:06:24,051 - INFO - [七色纺自营] 报表: 默认纵版-20251001-全部-全部-RDC-纵版-实时, 状态: 1
2025-10-02 07:06:24,051 - INFO - [七色纺自营] [等待] 报表状态为 1，1秒后重新检查...
2025-10-02 07:06:25,017 - INFO - [七色纺自营] 刷新 已点击页面刷新按钮
2025-10-02 07:06:27,032 - INFO - [七色纺自营] 第5次检查报表状态...
2025-10-02 07:06:27,682 - INFO - [七色纺自营] 报表: 默认纵版-20251001-全部-全部-RDC-纵版-实时, 状态: 1
2025-10-02 07:06:27,683 - INFO - [七色纺自营] [等待] 报表状态为 1，1秒后重新检查...
2025-10-02 07:06:28,639 - INFO - [七色纺自营] 刷新 已点击页面刷新按钮
2025-10-02 07:06:30,651 - INFO - [七色纺自营] 第6次检查报表状态...
2025-10-02 07:06:31,302 - INFO - [七色纺自营] 报表: 默认纵版-20251001-全部-全部-RDC-纵版-实时, 状态: 1
2025-10-02 07:06:31,302 - INFO - [七色纺自营] [等待] 报表状态为 1，1秒后重新检查...
2025-10-02 07:06:32,227 - INFO - [七色纺自营] 刷新 已点击页面刷新按钮
2025-10-02 07:06:34,231 - INFO - [七色纺自营] 第7次检查报表状态...
2025-10-02 07:06:34,865 - INFO - [七色纺自营] 报表: 默认纵版-20251001-全部-全部-RDC-纵版-实时, 状态: 1
2025-10-02 07:06:34,865 - INFO - [七色纺自营] [等待] 报表状态为 1，1秒后重新检查...
2025-10-02 07:06:35,809 - INFO - [七色纺自营] 刷新 已点击页面刷新按钮
2025-10-02 07:06:37,812 - INFO - [七色纺自营] 第8次检查报表状态...
2025-10-02 07:06:38,448 - INFO - [七色纺自营] 报表: 默认纵版-20251001-全部-全部-RDC-纵版-实时, 状态: 1
2025-10-02 07:06:38,449 - INFO - [七色纺自营] [等待] 报表状态为 1，1秒后重新检查...
2025-10-02 07:06:39,344 - INFO - [七色纺自营] 刷新 已点击页面刷新按钮
2025-10-02 07:06:41,357 - INFO - [七色纺自营] 第9次检查报表状态...
2025-10-02 07:06:42,032 - INFO - [七色纺自营] 报表: 默认纵版-20251001-全部-全部-RDC-纵版-实时, 状态: 1
2025-10-02 07:06:42,033 - INFO - [七色纺自营] [等待] 报表状态为 1，1秒后重新检查...
2025-10-02 07:06:42,980 - INFO - [七色纺自营] 刷新 已点击页面刷新按钮
2025-10-02 07:06:44,995 - INFO - [七色纺自营] 第10次检查报表状态...
2025-10-02 07:06:45,661 - INFO - [七色纺自营] 报表: 默认纵版-20251001-全部-全部-RDC-纵版-实时, 状态: 1
2025-10-02 07:06:45,662 - INFO - [七色纺自营] [等待] 报表状态为 1，1秒后重新检查...
2025-10-02 07:06:46,549 - INFO - [七色纺自营] 刷新 已点击页面刷新按钮
2025-10-02 07:06:48,563 - INFO - [七色纺自营] 第11次检查报表状态...
2025-10-02 07:06:49,244 - INFO - [七色纺自营] 报表: 默认纵版-20251001-全部-全部-RDC-纵版-实时, 状态: 1
2025-10-02 07:06:49,245 - INFO - [七色纺自营] [等待] 报表状态为 1，1秒后重新检查...
2025-10-02 07:06:50,171 - INFO - [七色纺自营] 刷新 已点击页面刷新按钮
2025-10-02 07:06:52,183 - INFO - [七色纺自营] 第12次检查报表状态...
2025-10-02 07:06:52,841 - INFO - [七色纺自营] 报表: 默认纵版-20251001-全部-全部-RDC-纵版-实时, 状态: 1
2025-10-02 07:06:52,842 - INFO - [七色纺自营] [等待] 报表状态为 1，1秒后重新检查...
2025-10-02 07:06:53,758 - INFO - [七色纺自营] 刷新 已点击页面刷新按钮
2025-10-02 07:06:55,771 - INFO - [七色纺自营] 第13次检查报表状态...
2025-10-02 07:06:56,410 - INFO - [七色纺自营] 报表: 默认纵版-20251001-全部-全部-RDC-纵版-实时, 状态: 1
2025-10-02 07:06:56,410 - INFO - [七色纺自营] [等待] 报表状态为 1，1秒后重新检查...
2025-10-02 07:06:57,336 - INFO - [七色纺自营] 刷新 已点击页面刷新按钮
2025-10-02 07:06:59,351 - INFO - [七色纺自营] 第14次检查报表状态...
2025-10-02 07:06:59,992 - INFO - [七色纺自营] 报表: 默认纵版-20251001-全部-全部-RDC-纵版-实时, 状态: 1
2025-10-02 07:06:59,992 - INFO - [七色纺自营] [等待] 报表状态为 1，1秒后重新检查...
2025-10-02 07:07:00,901 - INFO - [七色纺自营] 刷新 已点击页面刷新按钮
2025-10-02 07:07:02,917 - INFO - [七色纺自营] 第15次检查报表状态...
2025-10-02 07:07:03,554 - INFO - [七色纺自营] 报表: 默认纵版-20251001-全部-全部-RDC-纵版-实时, 状态: 1
2025-10-02 07:07:03,555 - INFO - [七色纺自营] [等待] 报表状态为 1，1秒后重新检查...
2025-10-02 07:07:04,482 - INFO - [七色纺自营] 刷新 已点击页面刷新按钮
2025-10-02 07:07:06,496 - INFO - [七色纺自营] 第16次检查报表状态...
2025-10-02 07:07:07,142 - INFO - [七色纺自营] 报表: 默认纵版-20251001-全部-全部-RDC-纵版-实时, 状态: 2
2025-10-02 07:07:07,143 - INFO - [七色纺自营] 成功 报表已完成！开始下载...
2025-10-02 07:07:07,855 - INFO - [七色纺自营] 成功 文件下载完成: D:\yingdao\jd\库存表\2025-10-01\七色纺自营.xlsx
2025-10-02 07:07:08,497 - INFO - [雅鹿内衣自营] 开始下载处理
2025-10-02 07:07:10,373 - INFO - [雅鹿内衣自营] Cookie获取成功
2025-10-02 07:07:11,181 - INFO - [雅鹿内衣自营] API响应状态: 200
2025-10-02 07:07:11,181 - INFO - [雅鹿内衣自营] API响应内容: {"status":"0","msg":"success","content":{"taskName":"默认纵版-20251001-全部-全部-RDC-纵版-实时"}}
2025-10-02 07:07:11,654 - INFO - [雅鹿内衣自营] 开始监控报表状态...
2025-10-02 07:07:11,659 - INFO - [雅鹿内衣自营] 动态Cookie获取成功
2025-10-02 07:07:11,660 - INFO - [雅鹿内衣自营] 第1次检查报表状态...
2025-10-02 07:07:12,357 - INFO - [雅鹿内衣自营] 报表: 默认纵版-20251001-全部-全部-RDC-纵版-实时, 状态: 1
2025-10-02 07:07:12,357 - INFO - [雅鹿内衣自营] [等待] 报表状态为 1，1秒后重新检查...
2025-10-02 07:07:13,366 - INFO - [雅鹿内衣自营] 刷新 已点击页面刷新按钮
2025-10-02 07:07:15,374 - INFO - [雅鹿内衣自营] 第2次检查报表状态...
2025-10-02 07:07:16,042 - INFO - [雅鹿内衣自营] 报表: 默认纵版-20251001-全部-全部-RDC-纵版-实时, 状态: 1
2025-10-02 07:07:16,042 - INFO - [雅鹿内衣自营] [等待] 报表状态为 1，1秒后重新检查...
2025-10-02 07:07:17,015 - INFO - [雅鹿内衣自营] 刷新 已点击页面刷新按钮
2025-10-02 07:07:19,022 - INFO - [雅鹿内衣自营] 第3次检查报表状态...
2025-10-02 07:07:19,709 - INFO - [雅鹿内衣自营] 报表: 默认纵版-20251001-全部-全部-RDC-纵版-实时, 状态: 1
2025-10-02 07:07:19,709 - INFO - [雅鹿内衣自营] [等待] 报表状态为 1，1秒后重新检查...
2025-10-02 07:07:20,668 - INFO - [雅鹿内衣自营] 刷新 已点击页面刷新按钮
2025-10-02 07:07:22,677 - INFO - [雅鹿内衣自营] 第4次检查报表状态...
2025-10-02 07:07:23,350 - INFO - [雅鹿内衣自营] 报表: 默认纵版-20251001-全部-全部-RDC-纵版-实时, 状态: 1
2025-10-02 07:07:23,350 - INFO - [雅鹿内衣自营] [等待] 报表状态为 1，1秒后重新检查...
2025-10-02 07:07:24,325 - INFO - [雅鹿内衣自营] 刷新 已点击页面刷新按钮
2025-10-02 07:07:26,341 - INFO - [雅鹿内衣自营] 第5次检查报表状态...
2025-10-02 07:07:27,006 - INFO - [雅鹿内衣自营] 报表: 默认纵版-20251001-全部-全部-RDC-纵版-实时, 状态: 1
2025-10-02 07:07:27,006 - INFO - [雅鹿内衣自营] [等待] 报表状态为 1，1秒后重新检查...
2025-10-02 07:07:28,398 - INFO - [雅鹿内衣自营] 刷新 已点击页面刷新按钮
2025-10-02 07:07:30,414 - INFO - [雅鹿内衣自营] 第6次检查报表状态...
2025-10-02 07:07:31,074 - INFO - [雅鹿内衣自营] 报表: 默认纵版-20251001-全部-全部-RDC-纵版-实时, 状态: 1
2025-10-02 07:07:31,075 - INFO - [雅鹿内衣自营] [等待] 报表状态为 1，1秒后重新检查...
2025-10-02 07:07:32,001 - INFO - [雅鹿内衣自营] 刷新 已点击页面刷新按钮
2025-10-02 07:07:34,010 - INFO - [雅鹿内衣自营] 第7次检查报表状态...
2025-10-02 07:07:34,685 - INFO - [雅鹿内衣自营] 报表: 默认纵版-20251001-全部-全部-RDC-纵版-实时, 状态: 1
2025-10-02 07:07:34,686 - INFO - [雅鹿内衣自营] [等待] 报表状态为 1，1秒后重新检查...
2025-10-02 07:07:35,627 - INFO - [雅鹿内衣自营] 刷新 已点击页面刷新按钮
2025-10-02 07:07:37,644 - INFO - [雅鹿内衣自营] 第8次检查报表状态...
2025-10-02 07:07:38,286 - INFO - [雅鹿内衣自营] 报表: 默认纵版-20251001-全部-全部-RDC-纵版-实时, 状态: 1
2025-10-02 07:07:38,287 - INFO - [雅鹿内衣自营] [等待] 报表状态为 1，1秒后重新检查...
2025-10-02 07:07:39,241 - INFO - [雅鹿内衣自营] 刷新 已点击页面刷新按钮
2025-10-02 07:07:41,256 - INFO - [雅鹿内衣自营] 第9次检查报表状态...
2025-10-02 07:07:41,911 - INFO - [雅鹿内衣自营] 报表: 默认纵版-20251001-全部-全部-RDC-纵版-实时, 状态: 1
2025-10-02 07:07:41,911 - INFO - [雅鹿内衣自营] [等待] 报表状态为 1，1秒后重新检查...
2025-10-02 07:07:42,884 - INFO - [雅鹿内衣自营] 刷新 已点击页面刷新按钮
2025-10-02 07:07:44,902 - INFO - [雅鹿内衣自营] 第10次检查报表状态...
2025-10-02 07:07:45,622 - INFO - [雅鹿内衣自营] 报表: 默认纵版-20251001-全部-全部-RDC-纵版-实时, 状态: 1
2025-10-02 07:07:45,624 - INFO - [雅鹿内衣自营] [等待] 报表状态为 1，1秒后重新检查...
2025-10-02 07:07:46,586 - INFO - [雅鹿内衣自营] 刷新 已点击页面刷新按钮
2025-10-02 07:07:48,596 - INFO - [雅鹿内衣自营] 第11次检查报表状态...
2025-10-02 07:07:49,329 - INFO - [雅鹿内衣自营] 报表: 默认纵版-20251001-全部-全部-RDC-纵版-实时, 状态: 1
2025-10-02 07:07:49,329 - INFO - [雅鹿内衣自营] [等待] 报表状态为 1，1秒后重新检查...
2025-10-02 07:07:50,307 - INFO - [雅鹿内衣自营] 刷新 已点击页面刷新按钮
2025-10-02 07:07:52,324 - INFO - [雅鹿内衣自营] 第12次检查报表状态...
2025-10-02 07:07:52,990 - INFO - [雅鹿内衣自营] 报表: 默认纵版-20251001-全部-全部-RDC-纵版-实时, 状态: 1
2025-10-02 07:07:52,991 - INFO - [雅鹿内衣自营] [等待] 报表状态为 1，1秒后重新检查...
2025-10-02 07:07:53,936 - INFO - [雅鹿内衣自营] 刷新 已点击页面刷新按钮
2025-10-02 07:07:55,944 - INFO - [雅鹿内衣自营] 第13次检查报表状态...
2025-10-02 07:07:56,604 - INFO - [雅鹿内衣自营] 报表: 默认纵版-20251001-全部-全部-RDC-纵版-实时, 状态: 1
2025-10-02 07:07:56,604 - INFO - [雅鹿内衣自营] [等待] 报表状态为 1，1秒后重新检查...
2025-10-02 07:07:57,524 - INFO - [雅鹿内衣自营] 刷新 已点击页面刷新按钮
2025-10-02 07:07:59,536 - INFO - [雅鹿内衣自营] 第14次检查报表状态...
2025-10-02 07:08:00,294 - INFO - [雅鹿内衣自营] 报表: 默认纵版-20251001-全部-全部-RDC-纵版-实时, 状态: 1
2025-10-02 07:08:00,294 - INFO - [雅鹿内衣自营] [等待] 报表状态为 1，1秒后重新检查...
2025-10-02 07:08:01,263 - INFO - [雅鹿内衣自营] 刷新 已点击页面刷新按钮
2025-10-02 07:08:03,276 - INFO - [雅鹿内衣自营] 第15次检查报表状态...
2025-10-02 07:08:04,016 - INFO - [雅鹿内衣自营] 报表: 默认纵版-20251001-全部-全部-RDC-纵版-实时, 状态: 1
2025-10-02 07:08:04,016 - INFO - [雅鹿内衣自营] [等待] 报表状态为 1，1秒后重新检查...
2025-10-02 07:08:04,992 - INFO - [雅鹿内衣自营] 刷新 已点击页面刷新按钮
2025-10-02 07:08:07,009 - INFO - [雅鹿内衣自营] 第16次检查报表状态...
2025-10-02 07:08:07,703 - INFO - [雅鹿内衣自营] 报表: 默认纵版-20251001-全部-全部-RDC-纵版-实时, 状态: 2
2025-10-02 07:08:07,703 - INFO - [雅鹿内衣自营] 成功 报表已完成！开始下载...
2025-10-02 07:08:08,456 - INFO - [雅鹿内衣自营] 成功 文件下载完成: D:\yingdao\jd\库存表\2025-10-01\雅鹿内衣自营.xlsx
2025-10-02 07:08:18,188 - ERROR - 上传到MinIO失败: 404 Client Error: NOT FOUND for url: http://127.0.0.1:8009/api/upload/upload
2025-10-02 07:08:18,203 - ERROR - 文件上传失败
2025-10-02 07:16:48,628 - INFO - 找到 0 个需要下载的店铺
2025-10-02 07:18:46,385 - INFO - 找到 0 个需要下载的店铺
2025-10-02 07:18:46,404 - INFO - 开始执行文件合并操作...
2025-10-02 07:18:46,405 - INFO - 找到 3 个Excel文件
2025-10-02 07:18:51,744 - INFO - 文件合并成功
2025-10-02 07:18:51,745 - INFO - 删除已存在的目标文件: D:\yingdao\jd\合并表格\2025-10-01.xlsx
2025-10-02 07:18:51,760 - INFO - 合并文件已移动到: D:\yingdao\jd\合并表格\2025-10-01.xlsx
2025-10-02 07:18:55,265 - INFO - MinIO上传成功
2025-10-02 07:18:55,270 - ERROR - 刷新操作失败: 404 Client Error: NOT FOUND for url: http://127.0.0.1:8009/api/upload/dataset/refresh-metadata
2025-10-02 07:20:58,149 - INFO - 找到 0 个需要下载的店铺
2025-10-02 07:20:58,173 - INFO - 开始执行文件合并操作...
2025-10-02 07:20:58,174 - INFO - 找到 3 个Excel文件
2025-10-02 07:21:03,577 - INFO - 文件合并成功
2025-10-02 07:21:03,578 - INFO - 删除已存在的目标文件: D:\yingdao\jd\合并表格\2025-10-01.xlsx
2025-10-02 07:21:03,591 - INFO - 合并文件已移动到: D:\yingdao\jd\合并表格\2025-10-01.xlsx
2025-10-02 07:21:07,054 - INFO - MinIO上传成功
2025-10-02 07:21:07,055 - INFO - 开始刷新数据集...
2025-10-02 07:21:07,059 - ERROR - 刷新操作失败: 404 Client Error: NOT FOUND for url: http://127.0.0.1:8009/api/upload/dataset/refresh-metadata
2025-10-02 07:21:07,060 - ERROR - 数据集或反射刷新失败，请检查日志获取详细信息
2025-10-02 07:23:19,411 - INFO - 找到 0 个需要下载的店铺
2025-10-02 07:23:19,429 - INFO - 开始执行文件合并操作...
2025-10-02 07:23:19,430 - INFO - 找到 3 个Excel文件
2025-10-02 07:23:24,888 - INFO - 文件合并成功
2025-10-02 07:23:24,889 - INFO - 删除已存在的目标文件: D:\yingdao\jd\合并表格\2025-10-01.xlsx
2025-10-02 07:23:24,902 - INFO - 合并文件已移动到: D:\yingdao\jd\合并表格\2025-10-01.xlsx
2025-10-02 07:23:28,061 - INFO - MinIO上传成功
2025-10-02 07:23:28,061 - INFO - 开始刷新数据集...
2025-10-02 07:23:28,080 - ERROR - 刷新操作失败: 400 Client Error: BAD REQUEST for url: http://localhost:8003/api/dataset/refresh
2025-10-02 07:23:28,080 - ERROR - 数据集或反射刷新失败，请检查日志获取详细信息
2025-10-02 07:37:57,801 - INFO - 找到 0 个需要下载的店铺
2025-10-02 07:37:57,824 - INFO - 开始执行文件合并操作...
2025-10-02 07:37:57,824 - INFO - 找到 3 个Excel文件
2025-10-02 07:38:04,428 - INFO - 文件合并成功
2025-10-02 07:38:04,430 - INFO - 删除已存在的目标文件: D:\yingdao\jd\合并表格\2025-10-01.xlsx
2025-10-02 07:38:04,460 - INFO - 合并文件已移动到: D:\yingdao\jd\合并表格\2025-10-01.xlsx
2025-10-02 07:38:08,937 - INFO - MinIO上传成功
2025-10-02 07:38:08,941 - INFO - 开始刷新数据集...
2025-10-02 07:38:08,964 - ERROR - 刷新操作失败: 400 Client Error: BAD REQUEST for url: http://localhost:8003/api/dataset/refresh
2025-10-02 07:38:08,965 - ERROR - 数据集或反射刷新失败，请检查日志获取详细信息
2025-10-02 07:40:39,508 - INFO - 找到 0 个需要下载的店铺
2025-10-02 07:40:39,522 - INFO - 开始执行文件合并操作...
2025-10-02 07:40:39,523 - INFO - 找到 3 个Excel文件
2025-10-02 07:40:45,788 - INFO - 文件合并成功
2025-10-02 07:40:45,789 - INFO - 删除已存在的目标文件: D:\yingdao\jd\合并表格\2025-10-01.xlsx
2025-10-02 07:40:45,802 - INFO - 合并文件已移动到: D:\yingdao\jd\合并表格\2025-10-01.xlsx
2025-10-02 07:40:49,192 - INFO - MinIO上传成功
2025-10-02 07:40:49,193 - INFO - 开始刷新数据集...
2025-10-02 07:40:49,212 - ERROR - 刷新操作失败: 400 Client Error: BAD REQUEST for url: http://localhost:8003/api/dataset/refresh-metadata
2025-10-02 07:40:49,213 - ERROR - 数据集或反射刷新失败，请检查日志获取详细信息
2025-10-02 07:42:54,487 - INFO - 找到 0 个需要下载的店铺
2025-10-02 07:42:54,509 - INFO - 开始执行文件合并操作...
2025-10-02 07:42:54,510 - INFO - 找到 3 个Excel文件
2025-10-02 07:43:00,007 - INFO - 文件合并成功
2025-10-02 07:43:00,008 - INFO - 删除已存在的目标文件: D:\yingdao\jd\合并表格\2025-10-01.xlsx
2025-10-02 07:43:00,022 - INFO - 合并文件已移动到: D:\yingdao\jd\合并表格\2025-10-01.xlsx
2025-10-02 07:43:03,075 - INFO - MinIO上传成功
2025-10-02 07:43:03,076 - INFO - 开始刷新数据集...
2025-10-02 07:43:03,090 - ERROR - 刷新操作失败: 404 Client Error: NOT FOUND for url: http://localhost:8003/api/dataset/metadata/refresh
2025-10-02 07:43:03,090 - ERROR - 数据集或反射刷新失败，请检查日志获取详细信息
