2025-10-04 08:30:01,439 - INFO - 数据库连接池初始化完成 - 平台: pdd, 店铺表: pdd_shops, 任务表: pdd_tasks
2025-10-04 11:00:04,961 - INFO - 数据库连接池初始化完成 - 平台: pdd, 店铺表: pdd_shops, 任务表: pdd_tasks
2025-10-04 11:00:06,405 - INFO - 更新任务状态成功: 2025-10-01-361南宸专卖店-kpi_days_status -> 已完成
2025-10-04 11:00:07,832 - INFO - 更新任务状态成功: 2025-10-01-361嘉昕专卖店-kpi_days_status -> 已完成
2025-10-04 11:00:09,246 - INFO - 更新任务状态成功: 2025-10-01-361增硕专卖店-kpi_days_status -> 已完成
2025-10-04 11:00:10,671 - INFO - 更新任务状态成功: 2025-10-01-361度亮彩专卖店-kpi_days_status -> 已完成
2025-10-04 11:00:12,046 - INFO - 更新任务状态成功: 2025-10-01-361度景熙运动专卖店-kpi_days_status -> 已完成
2025-10-04 11:00:13,557 - INFO - 更新任务状态成功: 2025-10-01-361度精典专卖店-kpi_days_status -> 已完成
2025-10-04 11:00:14,958 - INFO - 更新任务状态成功: 2025-10-01-361度精特运动专卖店-kpi_days_status -> 已完成
2025-10-04 11:00:16,376 - INFO - 更新任务状态成功: 2025-10-01-361度运动专卖店-kpi_days_status -> 已完成
2025-10-04 11:00:17,787 - INFO - 更新任务状态成功: 2025-10-01-361度运动袜旗舰店-kpi_days_status -> 已完成
2025-10-04 11:00:19,182 - INFO - 更新任务状态成功: 2025-10-01-361弈鑫专卖店-kpi_days_status -> 已完成
2025-10-04 11:00:20,643 - INFO - 更新任务状态成功: 2025-10-01-361捷昕专卖店-kpi_days_status -> 已完成
2025-10-04 11:00:22,040 - INFO - 更新任务状态成功: 2025-10-01-361棉柔专卖店-kpi_days_status -> 已完成
2025-10-04 11:00:23,415 - INFO - 更新任务状态成功: 2025-10-01-361灏和专卖店-kpi_days_status -> 已完成
2025-10-04 11:00:24,796 - INFO - 更新任务状态成功: 2025-10-01-361赛麦达专卖店-kpi_days_status -> 已完成
2025-10-04 11:00:26,202 - INFO - 更新任务状态成功: 2025-10-01-361运动专卖店-kpi_days_status -> 已完成
2025-10-04 11:00:27,564 - INFO - 更新任务状态成功: 2025-10-01-Socks袜哒哒-kpi_days_status -> 已完成
2025-10-04 11:00:28,969 - INFO - 更新任务状态成功: 2025-10-01-yaloo雅鹿内衣裤袜旗舰店-kpi_days_status -> 已完成
2025-10-04 11:00:30,417 - INFO - 更新任务状态成功: 2025-10-01-yaloo雅鹿针织裤袜旗舰店-kpi_days_status -> 已完成
2025-10-04 11:00:31,831 - INFO - 更新任务状态成功: 2025-10-01-七色纺内衣棉袜官方旗舰店-kpi_days_status -> 已完成
2025-10-04 11:00:33,293 - INFO - 更新任务状态成功: 2025-10-01-七色纺内衣裤袜官方旗舰店-kpi_days_status -> 已完成
2025-10-04 11:00:34,672 - INFO - 更新任务状态成功: 2025-10-01-七色纺裤袜官方旗舰店-kpi_days_status -> 已完成
2025-10-04 11:00:36,033 - INFO - 更新任务状态成功: 2025-10-01-七色纺运动袜官方旗舰店-kpi_days_status -> 已完成
2025-10-04 11:00:37,447 - INFO - 更新任务状态成功: 2025-10-01-亮彩居家企业店-kpi_days_status -> 已完成
2025-10-04 11:00:38,831 - INFO - 更新任务状态成功: 2025-10-01-亮彩日用专营店-kpi_days_status -> 已完成
2025-10-04 11:00:40,237 - INFO - 更新任务状态成功: 2025-10-01-亮彩日用家居专营店-kpi_days_status -> 已完成
2025-10-04 11:00:41,659 - INFO - 更新任务状态成功: 2025-10-01-亮彩日用居家企业店-kpi_days_status -> 已完成
2025-10-04 11:00:43,069 - INFO - 更新任务状态成功: 2025-10-01-俞兆林儿童袜业旗舰店-kpi_days_status -> 已完成
2025-10-04 11:00:44,455 - INFO - 更新任务状态成功: 2025-10-01-俞兆林儿童袜子旗舰店-kpi_days_status -> 已完成
2025-10-04 11:00:45,869 - INFO - 更新任务状态成功: 2025-10-01-俞兆林儿童裤袜旗舰店-kpi_days_status -> 已完成
2025-10-04 11:00:47,267 - INFO - 更新任务状态成功: 2025-10-01-俞兆林棉袜子旗舰店-kpi_days_status -> 已完成
2025-10-04 11:00:48,701 - INFO - 更新任务状态成功: 2025-10-01-俞兆林童袜服饰旗舰店-kpi_days_status -> 已完成
2025-10-04 11:00:50,045 - INFO - 更新任务状态成功: 2025-10-01-儿童袜子棉柔企业店-kpi_days_status -> 已完成
2025-10-04 11:00:51,452 - INFO - 更新任务状态成功: 2025-10-01-南宸居家企业店-kpi_days_status -> 已完成
2025-10-04 11:00:52,874 - INFO - 更新任务状态成功: 2025-10-01-卡拉美拉棉袜旗舰店-kpi_days_status -> 已完成
2025-10-04 11:00:54,283 - INFO - 更新任务状态成功: 2025-10-01-卡拉美拉袜子旗舰店-kpi_days_status -> 已完成
2025-10-04 11:00:55,636 - INFO - 更新任务状态成功: 2025-10-01-双炽厨房用品专营店-kpi_days_status -> 已完成
2025-10-04 11:00:57,040 - INFO - 更新任务状态成功: 2025-10-01-双炽居家日用专营店-kpi_days_status -> 已完成
2025-10-04 11:00:58,427 - INFO - 更新任务状态成功: 2025-10-01-吾惗双炽专卖店-kpi_days_status -> 已完成
2025-10-04 11:00:59,823 - INFO - 更新任务状态成功: 2025-10-01-吾惗居家旗舰店-kpi_days_status -> 已完成
2025-10-04 11:01:01,271 - INFO - 更新任务状态成功: 2025-10-01-嘉昕运动配件1店-kpi_days_status -> 已完成
2025-10-04 11:01:02,672 - INFO - 更新任务状态成功: 2025-10-01-回力倪菲专卖店-kpi_days_status -> 已完成
2025-10-04 11:01:04,058 - INFO - 更新任务状态成功: 2025-10-01-回力嘉昕专卖店-kpi_days_status -> 已完成
2025-10-04 11:01:05,496 - INFO - 更新任务状态成功: 2025-10-01-回力弈鑫专卖店-kpi_days_status -> 已完成
2025-10-04 11:01:06,981 - INFO - 更新任务状态成功: 2025-10-01-回力棉娅专卖店-kpi_days_status -> 已完成
2025-10-04 11:01:08,385 - INFO - 更新任务状态成功: 2025-10-01-回力津舟专卖店-kpi_days_status -> 已完成
2025-10-04 11:01:09,949 - INFO - 更新任务状态成功: 2025-10-01-回力甄棉专卖店-kpi_days_status -> 已完成
2025-10-04 11:01:11,340 - INFO - 更新任务状态成功: 2025-10-01-回力西有专卖店-kpi_days_status -> 已完成
2025-10-04 11:01:12,780 - INFO - 更新任务状态成功: 2025-10-01-回力贝臻专卖店-kpi_days_status -> 已完成
2025-10-04 11:01:14,137 - INFO - 更新任务状态成功: 2025-10-01-回力赛麦达专卖店-kpi_days_status -> 已完成
2025-10-04 11:01:15,514 - INFO - 更新任务状态成功: 2025-10-01-回力运动袜旗舰店-kpi_days_status -> 已完成
2025-10-04 11:01:16,901 - INFO - 更新任务状态成功: 2025-10-01-回力铭澄专卖店-kpi_days_status -> 已完成
2025-10-04 11:01:18,262 - INFO - 更新任务状态成功: 2025-10-01-垚踏小栈-kpi_days_status -> 已完成
2025-10-04 11:01:19,673 - INFO - 更新任务状态成功: 2025-10-01-增硕日用生活居家企业店-kpi_days_status -> 已完成
2025-10-04 11:01:21,091 - INFO - 更新任务状态成功: 2025-10-01-好物库存促销店-kpi_days_status -> 已完成
2025-10-04 11:01:22,477 - INFO - 更新任务状态成功: 2025-10-01-宜而爽潮袜旗舰店-kpi_days_status -> 已完成
2025-10-04 11:01:23,831 - INFO - 更新任务状态成功: 2025-10-01-宜而爽袜品旗舰店-kpi_days_status -> 已完成
2025-10-04 11:01:25,180 - INFO - 更新任务状态成功: 2025-10-01-宜而爽裤袜旗舰店-kpi_days_status -> 已完成
2025-10-04 11:01:26,599 - INFO - 更新任务状态成功: 2025-10-01-帕兰朵儿童服饰旗舰店-kpi_days_status -> 已完成
2025-10-04 11:01:27,961 - INFO - 更新任务状态成功: 2025-10-01-帕兰朵儿童棉袜旗舰店-kpi_days_status -> 已完成
2025-10-04 11:01:29,326 - INFO - 更新任务状态成功: 2025-10-01-帕兰朵儿童袜子旗舰店-kpi_days_status -> 已完成
2025-10-04 11:01:30,732 - INFO - 更新任务状态成功: 2025-10-01-帕兰朵儿童袜旗舰店-kpi_days_status -> 已完成
2025-10-04 11:01:32,219 - INFO - 更新任务状态成功: 2025-10-01-帕兰朵儿童裤袜旗舰店-kpi_days_status -> 已完成
2025-10-04 11:01:33,607 - INFO - 更新任务状态成功: 2025-10-01-帕兰朵棉袜针织旗舰店-kpi_days_status -> 已完成
2025-10-04 11:01:34,994 - INFO - 更新任务状态成功: 2025-10-01-帕兰朵童袜旗舰店-kpi_days_status -> 已完成
2025-10-04 11:01:36,409 - INFO - 更新任务状态成功: 2025-10-01-弈鑫家居企业店-kpi_days_status -> 已完成
2025-10-04 11:01:37,858 - INFO - 更新任务状态成功: 2025-10-01-彤昕运动用品企业店-kpi_days_status -> 已完成
2025-10-04 11:01:39,209 - INFO - 更新任务状态成功: 2025-10-01-捷昕内衣裤袜专营店-kpi_days_status -> 已完成
2025-10-04 11:01:40,606 - INFO - 更新任务状态成功: 2025-10-01-捷昕打底裤袜专营店-kpi_days_status -> 已完成
2025-10-04 11:01:42,023 - INFO - 更新任务状态成功: 2025-10-01-捷昕服饰箱包专营店-kpi_days_status -> 已完成
2025-10-04 11:01:43,438 - INFO - 更新任务状态成功: 2025-10-01-捷昕袜子专营店-kpi_days_status -> 已完成
2025-10-04 11:01:44,810 - INFO - 更新任务状态成功: 2025-10-01-捷昕针织专营店-kpi_days_status -> 已完成
2025-10-04 11:01:46,182 - INFO - 更新任务状态成功: 2025-10-01-捷昕针织裤袜专营店-kpi_days_status -> 已完成
2025-10-04 11:01:47,589 - INFO - 更新任务状态成功: 2025-10-01-日用居家企业店-kpi_days_status -> 已完成
2025-10-04 11:01:49,002 - INFO - 更新任务状态成功: 2025-10-01-朴西南离专卖店-kpi_days_status -> 已完成
2025-10-04 11:01:50,390 - INFO - 更新任务状态成功: 2025-10-01-朴西圭途专卖店-kpi_days_status -> 已完成
2025-10-04 11:01:51,785 - INFO - 更新任务状态成功: 2025-10-01-森火拖拖乐-kpi_days_status -> 已完成
2025-10-04 11:01:53,169 - INFO - 更新任务状态成功: 2025-10-01-灏和内衣裤袜专营店-kpi_days_status -> 已完成
2025-10-04 11:01:54,518 - INFO - 更新任务状态成功: 2025-10-01-灏和服饰配件专营店-kpi_days_status -> 已完成
2025-10-04 11:01:55,902 - INFO - 更新任务状态成功: 2025-10-01-灏和袜业专营店-kpi_days_status -> 已完成
2025-10-04 11:01:57,306 - INFO - 更新任务状态成功: 2025-10-01-灏和袜品专营店-kpi_days_status -> 已完成
2025-10-04 11:01:58,703 - INFO - 更新任务状态成功: 2025-10-01-灏和袜子专营店-kpi_days_status -> 已完成
2025-10-04 11:02:00,065 - INFO - 更新任务状态成功: 2025-10-01-灏和针织裤袜专营店-kpi_days_status -> 已完成
2025-10-04 11:02:01,464 - INFO - 更新任务状态成功: 2025-10-01-炊枭官方旗舰店-kpi_days_status -> 已完成
2025-10-04 11:02:02,827 - INFO - 更新任务状态成功: 2025-10-01-炊枭居家官方旗舰店-kpi_days_status -> 已完成
2025-10-04 11:02:04,249 - INFO - 更新任务状态成功: 2025-10-01-炊枭居家日用旗舰店-kpi_days_status -> 已完成
2025-10-04 11:02:05,742 - INFO - 更新任务状态成功: 2025-10-01-红豆内衣裤袜官方旗舰店-kpi_days_status -> 已完成
2025-10-04 11:02:07,116 - INFO - 更新任务状态成功: 2025-10-01-红豆捷昕专卖店-kpi_days_status -> 已完成
2025-10-04 11:02:08,538 - INFO - 更新任务状态成功: 2025-10-01-红豆服饰箱包官方旗舰店-kpi_days_status -> 已完成
2025-10-04 11:02:09,945 - INFO - 更新任务状态成功: 2025-10-01-红豆服饰配件官方旗舰店-kpi_days_status -> 已完成
2025-10-04 11:02:11,329 - INFO - 更新任务状态成功: 2025-10-01-红豆灏和专卖店-kpi_days_status -> 已完成
2025-10-04 11:02:12,747 - INFO - 更新任务状态成功: 2025-10-01-红豆袜品旗舰店-kpi_days_status -> 已完成
2025-10-04 11:02:14,153 - INFO - 更新任务状态成功: 2025-10-01-红豆袜子官方旗舰店-kpi_days_status -> 已完成
2025-10-04 11:02:15,516 - INFO - 更新任务状态成功: 2025-10-01-红豆裤袜官方旗舰店-kpi_days_status -> 已完成
2025-10-04 11:02:16,883 - INFO - 更新任务状态成功: 2025-10-01-红豆针织官方旗舰店-kpi_days_status -> 已完成
2025-10-04 11:02:18,323 - INFO - 更新任务状态成功: 2025-10-01-红豆针织裤袜官方旗舰店-kpi_days_status -> 已完成
2025-10-04 11:02:19,677 - INFO - 更新任务状态成功: 2025-10-01-美利奴内衣裤袜旗舰店-kpi_days_status -> 已完成
2025-10-04 11:02:21,077 - INFO - 更新任务状态成功: 2025-10-01-蕉阳布坊-kpi_days_status -> 已完成
2025-10-04 11:02:22,474 - INFO - 更新任务状态成功: 2025-10-01-诗丽尔袜子-kpi_days_status -> 已完成
2025-10-04 11:02:23,904 - INFO - 更新任务状态成功: 2025-10-01-阿狸一次性用品旗舰店-kpi_days_status -> 已完成
2025-10-04 11:02:25,306 - INFO - 更新任务状态成功: 2025-10-01-阿狸双炽专卖店-kpi_days_status -> 已完成
2025-10-04 11:02:26,693 - INFO - 更新任务状态成功: 2025-10-01-雅鹿yaloo运动棉袜旗舰店-kpi_days_status -> 已完成
2025-10-04 11:02:28,055 - INFO - 更新任务状态成功: 2025-10-01-雅鹿yaloo运动袜旗舰店-kpi_days_status -> 已完成
2025-10-04 11:02:29,526 - INFO - 更新任务状态成功: 2025-10-01-雅鹿儿童针织旗舰店-kpi_days_status -> 已完成
2025-10-04 11:02:30,909 - INFO - 更新任务状态成功: 2025-10-01-雅鹿婴童用品旗舰店-kpi_days_status -> 已完成
2025-10-04 11:02:32,286 - INFO - 更新任务状态成功: 2025-10-01-雅鹿学生袜子旗舰店-kpi_days_status -> 已完成
2025-10-04 11:02:33,680 - INFO - 更新任务状态成功: 2025-10-01-雅鹿男袜官方旗舰店-kpi_days_status -> 已完成
2025-10-04 11:02:35,084 - INFO - 更新任务状态成功: 2025-10-01-雅鹿裤袜服饰旗舰店-kpi_days_status -> 已完成
2025-10-04 11:02:36,456 - INFO - 更新任务状态成功: 2025-10-01-雅鹿运动袜品旗舰店-kpi_days_status -> 已完成
2025-10-04 11:02:37,908 - INFO - 更新任务状态成功: 2025-10-01-雅鹿针织丝袜官方旗舰店-kpi_days_status -> 已完成
2025-10-04 11:02:39,384 - INFO - 更新任务状态成功: 2025-10-01-雅鹿针织棉袜官方旗舰店-kpi_days_status -> 已完成
2025-10-04 11:02:40,847 - INFO - 更新任务状态成功: 2025-10-01-雅鹿针织配件旗舰店-kpi_days_status -> 已完成
2025-10-04 11:02:42,240 - INFO - 更新任务状态成功: 2025-10-01-顶瓜瓜儿童袜旗舰店-kpi_days_status -> 已完成
2025-10-04 11:02:43,679 - INFO - 更新任务状态成功: 2025-10-01-顶瓜瓜儿童裤袜官方旗舰店-kpi_days_status -> 已完成
2025-10-04 11:02:45,088 - INFO - 更新任务状态成功: 2025-10-01-顶瓜瓜塔智专卖店-kpi_days_status -> 已完成
2025-10-04 11:02:46,570 - INFO - 更新任务状态成功: 2025-10-01-顶瓜瓜旗舰店-kpi_days_status -> 已完成
2025-10-04 11:02:47,957 - INFO - 更新任务状态成功: 2025-10-01-顶瓜瓜童袜服饰旗舰店-kpi_days_status -> 已完成
2025-10-04 11:02:49,327 - INFO - 更新任务状态成功: 2025-10-01-顶瓜瓜赛麦达专卖店-kpi_days_status -> 已完成
2025-10-04 11:02:50,779 - INFO - 更新任务状态成功: 2025-10-01-顶瓜瓜针织旗舰店-kpi_days_status -> 已完成
2025-10-04 11:02:52,176 - INFO - 更新任务状态成功: 2025-10-01-领路内衣裤袜专营店-kpi_days_status -> 已完成
2025-10-04 11:02:53,585 - INFO - 更新任务状态成功: 2025-10-01-领路服饰专营店-kpi_days_status -> 已完成
2025-10-04 11:02:54,989 - INFO - 更新任务状态成功: 2025-10-01-领路针纺专营店-kpi_days_status -> 已完成
2025-10-04 11:02:56,392 - INFO - 更新任务状态成功: 2025-10-01-领路针织专营店-kpi_days_status -> 已完成
2025-10-04 11:02:57,796 - INFO - 更新任务状态成功: 2025-10-01-领路针织服饰专营店-kpi_days_status -> 已完成
2025-10-04 11:02:57,799 - INFO - 找到 123 个有效Excel文件
2025-10-04 11:02:57,799 - INFO - 检测到文件 D:\pdd\客服绩效文件存档\2025-10-01\361南宸专卖店.xlsx 使用引擎: xlrd
2025-10-04 11:02:57,847 - INFO - 成功读取文件: D:\pdd\客服绩效文件存档\2025-10-01\361南宸专卖店.xlsx, 数据行数: 11
2025-10-04 11:02:57,847 - INFO - 检测到文件 D:\pdd\客服绩效文件存档\2025-10-01\361嘉昕专卖店.xlsx 使用引擎: xlrd
2025-10-04 11:02:57,851 - INFO - 成功读取文件: D:\pdd\客服绩效文件存档\2025-10-01\361嘉昕专卖店.xlsx, 数据行数: 11
2025-10-04 11:02:57,851 - INFO - 检测到文件 D:\pdd\客服绩效文件存档\2025-10-01\361增硕专卖店.xlsx 使用引擎: xlrd
2025-10-04 11:02:57,854 - INFO - 成功读取文件: D:\pdd\客服绩效文件存档\2025-10-01\361增硕专卖店.xlsx, 数据行数: 7
2025-10-04 11:02:57,854 - INFO - 检测到文件 D:\pdd\客服绩效文件存档\2025-10-01\361度亮彩专卖店.xlsx 使用引擎: xlrd
2025-10-04 11:02:57,857 - INFO - 成功读取文件: D:\pdd\客服绩效文件存档\2025-10-01\361度亮彩专卖店.xlsx, 数据行数: 8
2025-10-04 11:02:57,857 - INFO - 检测到文件 D:\pdd\客服绩效文件存档\2025-10-01\361度景熙运动专卖店.xlsx 使用引擎: xlrd
2025-10-04 11:02:57,860 - INFO - 成功读取文件: D:\pdd\客服绩效文件存档\2025-10-01\361度景熙运动专卖店.xlsx, 数据行数: 10
2025-10-04 11:02:57,860 - INFO - 检测到文件 D:\pdd\客服绩效文件存档\2025-10-01\361度精典专卖店.xlsx 使用引擎: xlrd
2025-10-04 11:02:57,864 - INFO - 成功读取文件: D:\pdd\客服绩效文件存档\2025-10-01\361度精典专卖店.xlsx, 数据行数: 6
2025-10-04 11:02:57,864 - INFO - 检测到文件 D:\pdd\客服绩效文件存档\2025-10-01\361度精特运动专卖店.xlsx 使用引擎: xlrd
2025-10-04 11:02:57,868 - INFO - 成功读取文件: D:\pdd\客服绩效文件存档\2025-10-01\361度精特运动专卖店.xlsx, 数据行数: 10
2025-10-04 11:02:57,868 - INFO - 检测到文件 D:\pdd\客服绩效文件存档\2025-10-01\361度运动专卖店.xlsx 使用引擎: xlrd
2025-10-04 11:02:57,871 - INFO - 成功读取文件: D:\pdd\客服绩效文件存档\2025-10-01\361度运动专卖店.xlsx, 数据行数: 6
2025-10-04 11:02:57,871 - INFO - 检测到文件 D:\pdd\客服绩效文件存档\2025-10-01\361度运动袜旗舰店.xlsx 使用引擎: xlrd
2025-10-04 11:02:57,874 - INFO - 成功读取文件: D:\pdd\客服绩效文件存档\2025-10-01\361度运动袜旗舰店.xlsx, 数据行数: 13
2025-10-04 11:02:57,874 - INFO - 检测到文件 D:\pdd\客服绩效文件存档\2025-10-01\361弈鑫专卖店.xlsx 使用引擎: xlrd
2025-10-04 11:02:57,877 - INFO - 成功读取文件: D:\pdd\客服绩效文件存档\2025-10-01\361弈鑫专卖店.xlsx, 数据行数: 11
2025-10-04 11:02:57,877 - INFO - 检测到文件 D:\pdd\客服绩效文件存档\2025-10-01\361捷昕专卖店.xlsx 使用引擎: xlrd
2025-10-04 11:02:57,880 - INFO - 成功读取文件: D:\pdd\客服绩效文件存档\2025-10-01\361捷昕专卖店.xlsx, 数据行数: 6
2025-10-04 11:02:57,880 - INFO - 检测到文件 D:\pdd\客服绩效文件存档\2025-10-01\361棉柔专卖店.xlsx 使用引擎: xlrd
2025-10-04 11:02:57,883 - INFO - 成功读取文件: D:\pdd\客服绩效文件存档\2025-10-01\361棉柔专卖店.xlsx, 数据行数: 6
2025-10-04 11:02:57,883 - INFO - 检测到文件 D:\pdd\客服绩效文件存档\2025-10-01\361灏和专卖店.xlsx 使用引擎: xlrd
2025-10-04 11:02:57,886 - INFO - 成功读取文件: D:\pdd\客服绩效文件存档\2025-10-01\361灏和专卖店.xlsx, 数据行数: 7
2025-10-04 11:02:57,886 - INFO - 检测到文件 D:\pdd\客服绩效文件存档\2025-10-01\361赛麦达专卖店.xlsx 使用引擎: xlrd
2025-10-04 11:02:57,889 - INFO - 成功读取文件: D:\pdd\客服绩效文件存档\2025-10-01\361赛麦达专卖店.xlsx, 数据行数: 11
2025-10-04 11:02:57,889 - INFO - 检测到文件 D:\pdd\客服绩效文件存档\2025-10-01\361运动专卖店.xlsx 使用引擎: xlrd
2025-10-04 11:02:57,892 - INFO - 成功读取文件: D:\pdd\客服绩效文件存档\2025-10-01\361运动专卖店.xlsx, 数据行数: 10
2025-10-04 11:02:57,892 - INFO - 检测到文件 D:\pdd\客服绩效文件存档\2025-10-01\Socks袜哒哒.xlsx 使用引擎: xlrd
2025-10-04 11:02:57,896 - INFO - 成功读取文件: D:\pdd\客服绩效文件存档\2025-10-01\Socks袜哒哒.xlsx, 数据行数: 4
2025-10-04 11:02:57,896 - INFO - 检测到文件 D:\pdd\客服绩效文件存档\2025-10-01\yaloo雅鹿内衣裤袜旗舰店.xlsx 使用引擎: xlrd
2025-10-04 11:02:57,899 - INFO - 成功读取文件: D:\pdd\客服绩效文件存档\2025-10-01\yaloo雅鹿内衣裤袜旗舰店.xlsx, 数据行数: 8
2025-10-04 11:02:57,900 - INFO - 检测到文件 D:\pdd\客服绩效文件存档\2025-10-01\yaloo雅鹿针织裤袜旗舰店.xlsx 使用引擎: xlrd
2025-10-04 11:02:57,903 - INFO - 成功读取文件: D:\pdd\客服绩效文件存档\2025-10-01\yaloo雅鹿针织裤袜旗舰店.xlsx, 数据行数: 8
2025-10-04 11:02:57,903 - INFO - 检测到文件 D:\pdd\客服绩效文件存档\2025-10-01\七色纺内衣棉袜官方旗舰店.xlsx 使用引擎: xlrd
2025-10-04 11:02:57,906 - INFO - 成功读取文件: D:\pdd\客服绩效文件存档\2025-10-01\七色纺内衣棉袜官方旗舰店.xlsx, 数据行数: 5
2025-10-04 11:02:57,906 - INFO - 检测到文件 D:\pdd\客服绩效文件存档\2025-10-01\七色纺内衣裤袜官方旗舰店.xlsx 使用引擎: xlrd
2025-10-04 11:02:57,909 - INFO - 成功读取文件: D:\pdd\客服绩效文件存档\2025-10-01\七色纺内衣裤袜官方旗舰店.xlsx, 数据行数: 5
2025-10-04 11:02:57,909 - INFO - 检测到文件 D:\pdd\客服绩效文件存档\2025-10-01\七色纺裤袜官方旗舰店.xlsx 使用引擎: xlrd
2025-10-04 11:02:57,912 - INFO - 成功读取文件: D:\pdd\客服绩效文件存档\2025-10-01\七色纺裤袜官方旗舰店.xlsx, 数据行数: 9
2025-10-04 11:02:57,912 - INFO - 检测到文件 D:\pdd\客服绩效文件存档\2025-10-01\七色纺运动袜官方旗舰店.xlsx 使用引擎: xlrd
2025-10-04 11:02:57,915 - INFO - 成功读取文件: D:\pdd\客服绩效文件存档\2025-10-01\七色纺运动袜官方旗舰店.xlsx, 数据行数: 5
2025-10-04 11:02:57,915 - INFO - 检测到文件 D:\pdd\客服绩效文件存档\2025-10-01\亮彩居家企业店.xlsx 使用引擎: xlrd
2025-10-04 11:02:57,918 - INFO - 成功读取文件: D:\pdd\客服绩效文件存档\2025-10-01\亮彩居家企业店.xlsx, 数据行数: 4
2025-10-04 11:02:57,918 - INFO - 检测到文件 D:\pdd\客服绩效文件存档\2025-10-01\亮彩日用专营店.xlsx 使用引擎: xlrd
2025-10-04 11:02:57,921 - INFO - 成功读取文件: D:\pdd\客服绩效文件存档\2025-10-01\亮彩日用专营店.xlsx, 数据行数: 4
2025-10-04 11:02:57,921 - INFO - 检测到文件 D:\pdd\客服绩效文件存档\2025-10-01\亮彩日用家居专营店.xlsx 使用引擎: xlrd
2025-10-04 11:02:57,924 - INFO - 成功读取文件: D:\pdd\客服绩效文件存档\2025-10-01\亮彩日用家居专营店.xlsx, 数据行数: 4
2025-10-04 11:02:57,924 - INFO - 检测到文件 D:\pdd\客服绩效文件存档\2025-10-01\亮彩日用居家企业店.xlsx 使用引擎: xlrd
2025-10-04 11:02:57,926 - INFO - 成功读取文件: D:\pdd\客服绩效文件存档\2025-10-01\亮彩日用居家企业店.xlsx, 数据行数: 4
2025-10-04 11:02:57,927 - INFO - 检测到文件 D:\pdd\客服绩效文件存档\2025-10-01\俞兆林儿童袜业旗舰店.xlsx 使用引擎: xlrd
2025-10-04 11:02:57,930 - INFO - 成功读取文件: D:\pdd\客服绩效文件存档\2025-10-01\俞兆林儿童袜业旗舰店.xlsx, 数据行数: 8
2025-10-04 11:02:57,930 - INFO - 检测到文件 D:\pdd\客服绩效文件存档\2025-10-01\俞兆林儿童袜子旗舰店.xlsx 使用引擎: xlrd
2025-10-04 11:02:57,933 - INFO - 成功读取文件: D:\pdd\客服绩效文件存档\2025-10-01\俞兆林儿童袜子旗舰店.xlsx, 数据行数: 8
2025-10-04 11:02:57,934 - INFO - 检测到文件 D:\pdd\客服绩效文件存档\2025-10-01\俞兆林儿童裤袜旗舰店.xlsx 使用引擎: xlrd
2025-10-04 11:02:57,937 - INFO - 成功读取文件: D:\pdd\客服绩效文件存档\2025-10-01\俞兆林儿童裤袜旗舰店.xlsx, 数据行数: 4
2025-10-04 11:02:57,937 - INFO - 检测到文件 D:\pdd\客服绩效文件存档\2025-10-01\俞兆林棉袜子旗舰店.xlsx 使用引擎: xlrd
2025-10-04 11:02:57,940 - INFO - 成功读取文件: D:\pdd\客服绩效文件存档\2025-10-01\俞兆林棉袜子旗舰店.xlsx, 数据行数: 8
2025-10-04 11:02:57,940 - INFO - 检测到文件 D:\pdd\客服绩效文件存档\2025-10-01\俞兆林童袜服饰旗舰店.xlsx 使用引擎: xlrd
2025-10-04 11:02:57,945 - INFO - 成功读取文件: D:\pdd\客服绩效文件存档\2025-10-01\俞兆林童袜服饰旗舰店.xlsx, 数据行数: 4
2025-10-04 11:02:57,945 - INFO - 检测到文件 D:\pdd\客服绩效文件存档\2025-10-01\儿童袜子棉柔企业店.xlsx 使用引擎: xlrd
2025-10-04 11:02:57,948 - INFO - 成功读取文件: D:\pdd\客服绩效文件存档\2025-10-01\儿童袜子棉柔企业店.xlsx, 数据行数: 4
2025-10-04 11:02:57,948 - INFO - 检测到文件 D:\pdd\客服绩效文件存档\2025-10-01\南宸居家企业店.xlsx 使用引擎: xlrd
2025-10-04 11:02:57,950 - INFO - 成功读取文件: D:\pdd\客服绩效文件存档\2025-10-01\南宸居家企业店.xlsx, 数据行数: 4
2025-10-04 11:02:57,951 - INFO - 检测到文件 D:\pdd\客服绩效文件存档\2025-10-01\卡拉美拉棉袜旗舰店.xlsx 使用引擎: xlrd
2025-10-04 11:02:57,953 - INFO - 成功读取文件: D:\pdd\客服绩效文件存档\2025-10-01\卡拉美拉棉袜旗舰店.xlsx, 数据行数: 5
2025-10-04 11:02:57,953 - INFO - 检测到文件 D:\pdd\客服绩效文件存档\2025-10-01\卡拉美拉袜子旗舰店.xlsx 使用引擎: xlrd
2025-10-04 11:02:57,956 - INFO - 成功读取文件: D:\pdd\客服绩效文件存档\2025-10-01\卡拉美拉袜子旗舰店.xlsx, 数据行数: 5
2025-10-04 11:02:57,956 - INFO - 检测到文件 D:\pdd\客服绩效文件存档\2025-10-01\双炽厨房用品专营店.xlsx 使用引擎: xlrd
2025-10-04 11:02:57,959 - INFO - 成功读取文件: D:\pdd\客服绩效文件存档\2025-10-01\双炽厨房用品专营店.xlsx, 数据行数: 5
2025-10-04 11:02:57,959 - INFO - 检测到文件 D:\pdd\客服绩效文件存档\2025-10-01\双炽居家日用专营店.xlsx 使用引擎: xlrd
2025-10-04 11:02:57,963 - INFO - 成功读取文件: D:\pdd\客服绩效文件存档\2025-10-01\双炽居家日用专营店.xlsx, 数据行数: 4
2025-10-04 11:02:57,963 - INFO - 检测到文件 D:\pdd\客服绩效文件存档\2025-10-01\吾惗双炽专卖店.xlsx 使用引擎: xlrd
2025-10-04 11:02:57,966 - INFO - 成功读取文件: D:\pdd\客服绩效文件存档\2025-10-01\吾惗双炽专卖店.xlsx, 数据行数: 4
2025-10-04 11:02:57,966 - INFO - 检测到文件 D:\pdd\客服绩效文件存档\2025-10-01\吾惗居家旗舰店.xlsx 使用引擎: xlrd
2025-10-04 11:02:57,969 - INFO - 成功读取文件: D:\pdd\客服绩效文件存档\2025-10-01\吾惗居家旗舰店.xlsx, 数据行数: 4
2025-10-04 11:02:57,969 - INFO - 检测到文件 D:\pdd\客服绩效文件存档\2025-10-01\嘉昕运动配件1店.xlsx 使用引擎: xlrd
2025-10-04 11:02:57,972 - INFO - 成功读取文件: D:\pdd\客服绩效文件存档\2025-10-01\嘉昕运动配件1店.xlsx, 数据行数: 6
2025-10-04 11:02:57,972 - INFO - 检测到文件 D:\pdd\客服绩效文件存档\2025-10-01\回力倪菲专卖店.xlsx 使用引擎: xlrd
2025-10-04 11:02:57,975 - INFO - 成功读取文件: D:\pdd\客服绩效文件存档\2025-10-01\回力倪菲专卖店.xlsx, 数据行数: 12
2025-10-04 11:02:57,975 - INFO - 检测到文件 D:\pdd\客服绩效文件存档\2025-10-01\回力嘉昕专卖店.xlsx 使用引擎: xlrd
2025-10-04 11:02:57,978 - INFO - 成功读取文件: D:\pdd\客服绩效文件存档\2025-10-01\回力嘉昕专卖店.xlsx, 数据行数: 10
2025-10-04 11:02:57,978 - INFO - 检测到文件 D:\pdd\客服绩效文件存档\2025-10-01\回力弈鑫专卖店.xlsx 使用引擎: xlrd
2025-10-04 11:02:57,981 - INFO - 成功读取文件: D:\pdd\客服绩效文件存档\2025-10-01\回力弈鑫专卖店.xlsx, 数据行数: 10
2025-10-04 11:02:57,981 - INFO - 检测到文件 D:\pdd\客服绩效文件存档\2025-10-01\回力棉娅专卖店.xlsx 使用引擎: xlrd
2025-10-04 11:02:57,985 - INFO - 成功读取文件: D:\pdd\客服绩效文件存档\2025-10-01\回力棉娅专卖店.xlsx, 数据行数: 10
2025-10-04 11:02:57,985 - INFO - 检测到文件 D:\pdd\客服绩效文件存档\2025-10-01\回力津舟专卖店.xlsx 使用引擎: xlrd
2025-10-04 11:02:57,988 - INFO - 成功读取文件: D:\pdd\客服绩效文件存档\2025-10-01\回力津舟专卖店.xlsx, 数据行数: 10
2025-10-04 11:02:57,988 - INFO - 检测到文件 D:\pdd\客服绩效文件存档\2025-10-01\回力甄棉专卖店.xlsx 使用引擎: xlrd
2025-10-04 11:02:57,991 - INFO - 成功读取文件: D:\pdd\客服绩效文件存档\2025-10-01\回力甄棉专卖店.xlsx, 数据行数: 4
2025-10-04 11:02:57,991 - INFO - 检测到文件 D:\pdd\客服绩效文件存档\2025-10-01\回力西有专卖店.xlsx 使用引擎: xlrd
2025-10-04 11:02:57,994 - INFO - 成功读取文件: D:\pdd\客服绩效文件存档\2025-10-01\回力西有专卖店.xlsx, 数据行数: 10
2025-10-04 11:02:57,994 - INFO - 检测到文件 D:\pdd\客服绩效文件存档\2025-10-01\回力贝臻专卖店.xlsx 使用引擎: xlrd
2025-10-04 11:02:57,998 - INFO - 成功读取文件: D:\pdd\客服绩效文件存档\2025-10-01\回力贝臻专卖店.xlsx, 数据行数: 10
2025-10-04 11:02:57,998 - INFO - 检测到文件 D:\pdd\客服绩效文件存档\2025-10-01\回力赛麦达专卖店.xlsx 使用引擎: xlrd
2025-10-04 11:02:58,001 - INFO - 成功读取文件: D:\pdd\客服绩效文件存档\2025-10-01\回力赛麦达专卖店.xlsx, 数据行数: 11
2025-10-04 11:02:58,001 - INFO - 检测到文件 D:\pdd\客服绩效文件存档\2025-10-01\回力运动袜旗舰店.xlsx 使用引擎: xlrd
2025-10-04 11:02:58,005 - INFO - 成功读取文件: D:\pdd\客服绩效文件存档\2025-10-01\回力运动袜旗舰店.xlsx, 数据行数: 12
2025-10-04 11:02:58,005 - INFO - 检测到文件 D:\pdd\客服绩效文件存档\2025-10-01\回力铭澄专卖店.xlsx 使用引擎: xlrd
2025-10-04 11:02:58,008 - INFO - 成功读取文件: D:\pdd\客服绩效文件存档\2025-10-01\回力铭澄专卖店.xlsx, 数据行数: 4
2025-10-04 11:02:58,008 - INFO - 检测到文件 D:\pdd\客服绩效文件存档\2025-10-01\垚踏小栈.xlsx 使用引擎: xlrd
2025-10-04 11:02:58,011 - INFO - 成功读取文件: D:\pdd\客服绩效文件存档\2025-10-01\垚踏小栈.xlsx, 数据行数: 8
2025-10-04 11:02:58,011 - INFO - 检测到文件 D:\pdd\客服绩效文件存档\2025-10-01\增硕日用生活居家企业店.xlsx 使用引擎: xlrd
2025-10-04 11:02:58,013 - INFO - 成功读取文件: D:\pdd\客服绩效文件存档\2025-10-01\增硕日用生活居家企业店.xlsx, 数据行数: 6
2025-10-04 11:02:58,014 - INFO - 检测到文件 D:\pdd\客服绩效文件存档\2025-10-01\好物库存促销店.xlsx 使用引擎: xlrd
2025-10-04 11:02:58,016 - INFO - 成功读取文件: D:\pdd\客服绩效文件存档\2025-10-01\好物库存促销店.xlsx, 数据行数: 4
2025-10-04 11:02:58,016 - INFO - 检测到文件 D:\pdd\客服绩效文件存档\2025-10-01\宜而爽潮袜旗舰店.xlsx 使用引擎: xlrd
2025-10-04 11:02:58,019 - INFO - 成功读取文件: D:\pdd\客服绩效文件存档\2025-10-01\宜而爽潮袜旗舰店.xlsx, 数据行数: 3
2025-10-04 11:02:58,019 - INFO - 检测到文件 D:\pdd\客服绩效文件存档\2025-10-01\宜而爽袜品旗舰店.xlsx 使用引擎: xlrd
2025-10-04 11:02:58,024 - INFO - 成功读取文件: D:\pdd\客服绩效文件存档\2025-10-01\宜而爽袜品旗舰店.xlsx, 数据行数: 3
2025-10-04 11:02:58,024 - INFO - 检测到文件 D:\pdd\客服绩效文件存档\2025-10-01\宜而爽裤袜旗舰店.xlsx 使用引擎: xlrd
2025-10-04 11:02:58,028 - INFO - 成功读取文件: D:\pdd\客服绩效文件存档\2025-10-01\宜而爽裤袜旗舰店.xlsx, 数据行数: 3
2025-10-04 11:02:58,028 - INFO - 检测到文件 D:\pdd\客服绩效文件存档\2025-10-01\帕兰朵儿童服饰旗舰店.xlsx 使用引擎: xlrd
2025-10-04 11:02:58,031 - INFO - 成功读取文件: D:\pdd\客服绩效文件存档\2025-10-01\帕兰朵儿童服饰旗舰店.xlsx, 数据行数: 5
2025-10-04 11:02:58,031 - INFO - 检测到文件 D:\pdd\客服绩效文件存档\2025-10-01\帕兰朵儿童棉袜旗舰店.xlsx 使用引擎: xlrd
2025-10-04 11:02:58,034 - INFO - 成功读取文件: D:\pdd\客服绩效文件存档\2025-10-01\帕兰朵儿童棉袜旗舰店.xlsx, 数据行数: 5
2025-10-04 11:02:58,034 - INFO - 检测到文件 D:\pdd\客服绩效文件存档\2025-10-01\帕兰朵儿童袜子旗舰店.xlsx 使用引擎: xlrd
2025-10-04 11:02:58,037 - INFO - 成功读取文件: D:\pdd\客服绩效文件存档\2025-10-01\帕兰朵儿童袜子旗舰店.xlsx, 数据行数: 9
2025-10-04 11:02:58,038 - INFO - 检测到文件 D:\pdd\客服绩效文件存档\2025-10-01\帕兰朵儿童袜旗舰店.xlsx 使用引擎: xlrd
2025-10-04 11:02:58,040 - INFO - 成功读取文件: D:\pdd\客服绩效文件存档\2025-10-01\帕兰朵儿童袜旗舰店.xlsx, 数据行数: 5
2025-10-04 11:02:58,040 - INFO - 检测到文件 D:\pdd\客服绩效文件存档\2025-10-01\帕兰朵儿童裤袜旗舰店.xlsx 使用引擎: xlrd
2025-10-04 11:02:58,043 - INFO - 成功读取文件: D:\pdd\客服绩效文件存档\2025-10-01\帕兰朵儿童裤袜旗舰店.xlsx, 数据行数: 5
2025-10-04 11:02:58,043 - INFO - 检测到文件 D:\pdd\客服绩效文件存档\2025-10-01\帕兰朵棉袜针织旗舰店.xlsx 使用引擎: xlrd
2025-10-04 11:02:58,046 - INFO - 成功读取文件: D:\pdd\客服绩效文件存档\2025-10-01\帕兰朵棉袜针织旗舰店.xlsx, 数据行数: 5
2025-10-04 11:02:58,046 - INFO - 检测到文件 D:\pdd\客服绩效文件存档\2025-10-01\帕兰朵童袜旗舰店.xlsx 使用引擎: xlrd
2025-10-04 11:02:58,049 - INFO - 成功读取文件: D:\pdd\客服绩效文件存档\2025-10-01\帕兰朵童袜旗舰店.xlsx, 数据行数: 5
2025-10-04 11:02:58,049 - INFO - 检测到文件 D:\pdd\客服绩效文件存档\2025-10-01\弈鑫家居企业店.xlsx 使用引擎: xlrd
2025-10-04 11:02:58,052 - INFO - 成功读取文件: D:\pdd\客服绩效文件存档\2025-10-01\弈鑫家居企业店.xlsx, 数据行数: 4
2025-10-04 11:02:58,052 - INFO - 检测到文件 D:\pdd\客服绩效文件存档\2025-10-01\彤昕运动用品企业店.xlsx 使用引擎: xlrd
2025-10-04 11:02:58,055 - INFO - 成功读取文件: D:\pdd\客服绩效文件存档\2025-10-01\彤昕运动用品企业店.xlsx, 数据行数: 8
2025-10-04 11:02:58,056 - INFO - 检测到文件 D:\pdd\客服绩效文件存档\2025-10-01\捷昕内衣裤袜专营店.xlsx 使用引擎: xlrd
2025-10-04 11:02:58,059 - INFO - 成功读取文件: D:\pdd\客服绩效文件存档\2025-10-01\捷昕内衣裤袜专营店.xlsx, 数据行数: 5
2025-10-04 11:02:58,059 - INFO - 检测到文件 D:\pdd\客服绩效文件存档\2025-10-01\捷昕打底裤袜专营店.xlsx 使用引擎: xlrd
2025-10-04 11:02:58,062 - INFO - 成功读取文件: D:\pdd\客服绩效文件存档\2025-10-01\捷昕打底裤袜专营店.xlsx, 数据行数: 5
2025-10-04 11:02:58,062 - INFO - 检测到文件 D:\pdd\客服绩效文件存档\2025-10-01\捷昕服饰箱包专营店.xlsx 使用引擎: xlrd
2025-10-04 11:02:58,065 - INFO - 成功读取文件: D:\pdd\客服绩效文件存档\2025-10-01\捷昕服饰箱包专营店.xlsx, 数据行数: 5
2025-10-04 11:02:58,065 - INFO - 检测到文件 D:\pdd\客服绩效文件存档\2025-10-01\捷昕袜子专营店.xlsx 使用引擎: xlrd
2025-10-04 11:02:58,068 - INFO - 成功读取文件: D:\pdd\客服绩效文件存档\2025-10-01\捷昕袜子专营店.xlsx, 数据行数: 5
2025-10-04 11:02:58,069 - INFO - 检测到文件 D:\pdd\客服绩效文件存档\2025-10-01\捷昕针织专营店.xlsx 使用引擎: xlrd
2025-10-04 11:02:58,071 - INFO - 成功读取文件: D:\pdd\客服绩效文件存档\2025-10-01\捷昕针织专营店.xlsx, 数据行数: 5
2025-10-04 11:02:58,072 - INFO - 检测到文件 D:\pdd\客服绩效文件存档\2025-10-01\捷昕针织裤袜专营店.xlsx 使用引擎: xlrd
2025-10-04 11:02:58,074 - INFO - 成功读取文件: D:\pdd\客服绩效文件存档\2025-10-01\捷昕针织裤袜专营店.xlsx, 数据行数: 5
2025-10-04 11:02:58,074 - INFO - 检测到文件 D:\pdd\客服绩效文件存档\2025-10-01\日用居家企业店.xlsx 使用引擎: xlrd
2025-10-04 11:02:58,077 - INFO - 成功读取文件: D:\pdd\客服绩效文件存档\2025-10-01\日用居家企业店.xlsx, 数据行数: 5
2025-10-04 11:02:58,077 - INFO - 检测到文件 D:\pdd\客服绩效文件存档\2025-10-01\朴西南离专卖店.xlsx 使用引擎: xlrd
2025-10-04 11:02:58,080 - INFO - 成功读取文件: D:\pdd\客服绩效文件存档\2025-10-01\朴西南离专卖店.xlsx, 数据行数: 8
2025-10-04 11:02:58,080 - INFO - 检测到文件 D:\pdd\客服绩效文件存档\2025-10-01\朴西圭途专卖店.xlsx 使用引擎: xlrd
2025-10-04 11:02:58,084 - INFO - 成功读取文件: D:\pdd\客服绩效文件存档\2025-10-01\朴西圭途专卖店.xlsx, 数据行数: 4
2025-10-04 11:02:58,084 - INFO - 检测到文件 D:\pdd\客服绩效文件存档\2025-10-01\森火拖拖乐.xlsx 使用引擎: xlrd
2025-10-04 11:02:58,087 - INFO - 成功读取文件: D:\pdd\客服绩效文件存档\2025-10-01\森火拖拖乐.xlsx, 数据行数: 4
2025-10-04 11:02:58,087 - INFO - 检测到文件 D:\pdd\客服绩效文件存档\2025-10-01\灏和内衣裤袜专营店.xlsx 使用引擎: xlrd
2025-10-04 11:02:58,090 - INFO - 成功读取文件: D:\pdd\客服绩效文件存档\2025-10-01\灏和内衣裤袜专营店.xlsx, 数据行数: 5
2025-10-04 11:02:58,090 - INFO - 检测到文件 D:\pdd\客服绩效文件存档\2025-10-01\灏和服饰配件专营店.xlsx 使用引擎: xlrd
2025-10-04 11:02:58,093 - INFO - 成功读取文件: D:\pdd\客服绩效文件存档\2025-10-01\灏和服饰配件专营店.xlsx, 数据行数: 5
2025-10-04 11:02:58,093 - INFO - 检测到文件 D:\pdd\客服绩效文件存档\2025-10-01\灏和袜业专营店.xlsx 使用引擎: xlrd
2025-10-04 11:02:58,096 - INFO - 成功读取文件: D:\pdd\客服绩效文件存档\2025-10-01\灏和袜业专营店.xlsx, 数据行数: 9
2025-10-04 11:02:58,096 - INFO - 检测到文件 D:\pdd\客服绩效文件存档\2025-10-01\灏和袜品专营店.xlsx 使用引擎: xlrd
2025-10-04 11:02:58,099 - INFO - 成功读取文件: D:\pdd\客服绩效文件存档\2025-10-01\灏和袜品专营店.xlsx, 数据行数: 10
2025-10-04 11:02:58,100 - INFO - 检测到文件 D:\pdd\客服绩效文件存档\2025-10-01\灏和袜子专营店.xlsx 使用引擎: xlrd
2025-10-04 11:02:58,103 - INFO - 成功读取文件: D:\pdd\客服绩效文件存档\2025-10-01\灏和袜子专营店.xlsx, 数据行数: 9
2025-10-04 11:02:58,103 - INFO - 检测到文件 D:\pdd\客服绩效文件存档\2025-10-01\灏和针织裤袜专营店.xlsx 使用引擎: xlrd
2025-10-04 11:02:58,106 - INFO - 成功读取文件: D:\pdd\客服绩效文件存档\2025-10-01\灏和针织裤袜专营店.xlsx, 数据行数: 5
2025-10-04 11:02:58,106 - INFO - 检测到文件 D:\pdd\客服绩效文件存档\2025-10-01\炊枭官方旗舰店.xlsx 使用引擎: xlrd
2025-10-04 11:02:58,109 - INFO - 成功读取文件: D:\pdd\客服绩效文件存档\2025-10-01\炊枭官方旗舰店.xlsx, 数据行数: 4
2025-10-04 11:02:58,109 - INFO - 检测到文件 D:\pdd\客服绩效文件存档\2025-10-01\炊枭居家官方旗舰店.xlsx 使用引擎: xlrd
2025-10-04 11:02:58,112 - INFO - 成功读取文件: D:\pdd\客服绩效文件存档\2025-10-01\炊枭居家官方旗舰店.xlsx, 数据行数: 4
2025-10-04 11:02:58,112 - INFO - 检测到文件 D:\pdd\客服绩效文件存档\2025-10-01\炊枭居家日用旗舰店.xlsx 使用引擎: xlrd
2025-10-04 11:02:58,115 - INFO - 成功读取文件: D:\pdd\客服绩效文件存档\2025-10-01\炊枭居家日用旗舰店.xlsx, 数据行数: 6
2025-10-04 11:02:58,116 - INFO - 检测到文件 D:\pdd\客服绩效文件存档\2025-10-01\红豆内衣裤袜官方旗舰店.xlsx 使用引擎: xlrd
2025-10-04 11:02:58,119 - INFO - 成功读取文件: D:\pdd\客服绩效文件存档\2025-10-01\红豆内衣裤袜官方旗舰店.xlsx, 数据行数: 9
2025-10-04 11:02:58,119 - INFO - 检测到文件 D:\pdd\客服绩效文件存档\2025-10-01\红豆捷昕专卖店.xlsx 使用引擎: xlrd
2025-10-04 11:02:58,122 - INFO - 成功读取文件: D:\pdd\客服绩效文件存档\2025-10-01\红豆捷昕专卖店.xlsx, 数据行数: 9
2025-10-04 11:02:58,122 - INFO - 检测到文件 D:\pdd\客服绩效文件存档\2025-10-01\红豆服饰箱包官方旗舰店.xlsx 使用引擎: xlrd
2025-10-04 11:02:58,125 - INFO - 成功读取文件: D:\pdd\客服绩效文件存档\2025-10-01\红豆服饰箱包官方旗舰店.xlsx, 数据行数: 9
2025-10-04 11:02:58,125 - INFO - 检测到文件 D:\pdd\客服绩效文件存档\2025-10-01\红豆服饰配件官方旗舰店.xlsx 使用引擎: xlrd
2025-10-04 11:02:58,129 - INFO - 成功读取文件: D:\pdd\客服绩效文件存档\2025-10-01\红豆服饰配件官方旗舰店.xlsx, 数据行数: 5
2025-10-04 11:02:58,129 - INFO - 检测到文件 D:\pdd\客服绩效文件存档\2025-10-01\红豆灏和专卖店.xlsx 使用引擎: xlrd
2025-10-04 11:02:58,132 - INFO - 成功读取文件: D:\pdd\客服绩效文件存档\2025-10-01\红豆灏和专卖店.xlsx, 数据行数: 10
2025-10-04 11:02:58,132 - INFO - 检测到文件 D:\pdd\客服绩效文件存档\2025-10-01\红豆袜品旗舰店.xlsx 使用引擎: xlrd
2025-10-04 11:02:58,135 - INFO - 成功读取文件: D:\pdd\客服绩效文件存档\2025-10-01\红豆袜品旗舰店.xlsx, 数据行数: 5
2025-10-04 11:02:58,135 - INFO - 检测到文件 D:\pdd\客服绩效文件存档\2025-10-01\红豆袜子官方旗舰店.xlsx 使用引擎: xlrd
2025-10-04 11:02:58,138 - INFO - 成功读取文件: D:\pdd\客服绩效文件存档\2025-10-01\红豆袜子官方旗舰店.xlsx, 数据行数: 9
2025-10-04 11:02:58,138 - INFO - 检测到文件 D:\pdd\客服绩效文件存档\2025-10-01\红豆裤袜官方旗舰店.xlsx 使用引擎: xlrd
2025-10-04 11:02:58,141 - INFO - 成功读取文件: D:\pdd\客服绩效文件存档\2025-10-01\红豆裤袜官方旗舰店.xlsx, 数据行数: 5
2025-10-04 11:02:58,141 - INFO - 检测到文件 D:\pdd\客服绩效文件存档\2025-10-01\红豆针织官方旗舰店.xlsx 使用引擎: xlrd
2025-10-04 11:02:58,143 - INFO - 成功读取文件: D:\pdd\客服绩效文件存档\2025-10-01\红豆针织官方旗舰店.xlsx, 数据行数: 5
2025-10-04 11:02:58,143 - INFO - 检测到文件 D:\pdd\客服绩效文件存档\2025-10-01\红豆针织裤袜官方旗舰店.xlsx 使用引擎: xlrd
2025-10-04 11:02:58,147 - INFO - 成功读取文件: D:\pdd\客服绩效文件存档\2025-10-01\红豆针织裤袜官方旗舰店.xlsx, 数据行数: 9
2025-10-04 11:02:58,147 - INFO - 检测到文件 D:\pdd\客服绩效文件存档\2025-10-01\美利奴内衣裤袜旗舰店.xlsx 使用引擎: xlrd
2025-10-04 11:02:58,150 - INFO - 成功读取文件: D:\pdd\客服绩效文件存档\2025-10-01\美利奴内衣裤袜旗舰店.xlsx, 数据行数: 4
2025-10-04 11:02:58,150 - INFO - 检测到文件 D:\pdd\客服绩效文件存档\2025-10-01\蕉阳布坊.xlsx 使用引擎: xlrd
2025-10-04 11:02:58,153 - INFO - 成功读取文件: D:\pdd\客服绩效文件存档\2025-10-01\蕉阳布坊.xlsx, 数据行数: 4
2025-10-04 11:02:58,153 - INFO - 检测到文件 D:\pdd\客服绩效文件存档\2025-10-01\诗丽尔袜子.xlsx 使用引擎: xlrd
2025-10-04 11:02:58,156 - INFO - 成功读取文件: D:\pdd\客服绩效文件存档\2025-10-01\诗丽尔袜子.xlsx, 数据行数: 5
2025-10-04 11:02:58,156 - INFO - 检测到文件 D:\pdd\客服绩效文件存档\2025-10-01\阿狸一次性用品旗舰店.xlsx 使用引擎: xlrd
2025-10-04 11:02:58,159 - INFO - 成功读取文件: D:\pdd\客服绩效文件存档\2025-10-01\阿狸一次性用品旗舰店.xlsx, 数据行数: 4
2025-10-04 11:02:58,160 - INFO - 检测到文件 D:\pdd\客服绩效文件存档\2025-10-01\阿狸双炽专卖店.xlsx 使用引擎: xlrd
2025-10-04 11:02:58,163 - INFO - 成功读取文件: D:\pdd\客服绩效文件存档\2025-10-01\阿狸双炽专卖店.xlsx, 数据行数: 4
2025-10-04 11:02:58,163 - INFO - 检测到文件 D:\pdd\客服绩效文件存档\2025-10-01\雅鹿yaloo运动棉袜旗舰店.xlsx 使用引擎: xlrd
2025-10-04 11:02:58,166 - INFO - 成功读取文件: D:\pdd\客服绩效文件存档\2025-10-01\雅鹿yaloo运动棉袜旗舰店.xlsx, 数据行数: 4
2025-10-04 11:02:58,166 - INFO - 检测到文件 D:\pdd\客服绩效文件存档\2025-10-01\雅鹿yaloo运动袜旗舰店.xlsx 使用引擎: xlrd
2025-10-04 11:02:58,169 - INFO - 成功读取文件: D:\pdd\客服绩效文件存档\2025-10-01\雅鹿yaloo运动袜旗舰店.xlsx, 数据行数: 4
2025-10-04 11:02:58,169 - INFO - 检测到文件 D:\pdd\客服绩效文件存档\2025-10-01\雅鹿儿童针织旗舰店.xlsx 使用引擎: xlrd
2025-10-04 11:02:58,172 - INFO - 成功读取文件: D:\pdd\客服绩效文件存档\2025-10-01\雅鹿儿童针织旗舰店.xlsx, 数据行数: 4
2025-10-04 11:02:58,172 - INFO - 检测到文件 D:\pdd\客服绩效文件存档\2025-10-01\雅鹿婴童用品旗舰店.xlsx 使用引擎: xlrd
2025-10-04 11:02:58,174 - INFO - 成功读取文件: D:\pdd\客服绩效文件存档\2025-10-01\雅鹿婴童用品旗舰店.xlsx, 数据行数: 4
2025-10-04 11:02:58,174 - INFO - 检测到文件 D:\pdd\客服绩效文件存档\2025-10-01\雅鹿学生袜子旗舰店.xlsx 使用引擎: xlrd
2025-10-04 11:02:58,178 - INFO - 成功读取文件: D:\pdd\客服绩效文件存档\2025-10-01\雅鹿学生袜子旗舰店.xlsx, 数据行数: 4
2025-10-04 11:02:58,178 - INFO - 检测到文件 D:\pdd\客服绩效文件存档\2025-10-01\雅鹿男袜官方旗舰店.xlsx 使用引擎: xlrd
2025-10-04 11:02:58,181 - INFO - 成功读取文件: D:\pdd\客服绩效文件存档\2025-10-01\雅鹿男袜官方旗舰店.xlsx, 数据行数: 4
2025-10-04 11:02:58,181 - INFO - 检测到文件 D:\pdd\客服绩效文件存档\2025-10-01\雅鹿裤袜服饰旗舰店.xlsx 使用引擎: xlrd
2025-10-04 11:02:58,183 - INFO - 成功读取文件: D:\pdd\客服绩效文件存档\2025-10-01\雅鹿裤袜服饰旗舰店.xlsx, 数据行数: 8
2025-10-04 11:02:58,184 - INFO - 检测到文件 D:\pdd\客服绩效文件存档\2025-10-01\雅鹿运动袜品旗舰店.xlsx 使用引擎: xlrd
2025-10-04 11:02:58,187 - INFO - 成功读取文件: D:\pdd\客服绩效文件存档\2025-10-01\雅鹿运动袜品旗舰店.xlsx, 数据行数: 4
2025-10-04 11:02:58,187 - INFO - 检测到文件 D:\pdd\客服绩效文件存档\2025-10-01\雅鹿针织丝袜官方旗舰店.xlsx 使用引擎: xlrd
2025-10-04 11:02:58,190 - INFO - 成功读取文件: D:\pdd\客服绩效文件存档\2025-10-01\雅鹿针织丝袜官方旗舰店.xlsx, 数据行数: 4
2025-10-04 11:02:58,190 - INFO - 检测到文件 D:\pdd\客服绩效文件存档\2025-10-01\雅鹿针织棉袜官方旗舰店.xlsx 使用引擎: xlrd
2025-10-04 11:02:58,193 - INFO - 成功读取文件: D:\pdd\客服绩效文件存档\2025-10-01\雅鹿针织棉袜官方旗舰店.xlsx, 数据行数: 5
2025-10-04 11:02:58,193 - INFO - 检测到文件 D:\pdd\客服绩效文件存档\2025-10-01\雅鹿针织配件旗舰店.xlsx 使用引擎: xlrd
2025-10-04 11:02:58,196 - INFO - 成功读取文件: D:\pdd\客服绩效文件存档\2025-10-01\雅鹿针织配件旗舰店.xlsx, 数据行数: 4
2025-10-04 11:02:58,196 - INFO - 检测到文件 D:\pdd\客服绩效文件存档\2025-10-01\顶瓜瓜儿童袜旗舰店.xlsx 使用引擎: xlrd
2025-10-04 11:02:58,199 - INFO - 成功读取文件: D:\pdd\客服绩效文件存档\2025-10-01\顶瓜瓜儿童袜旗舰店.xlsx, 数据行数: 5
2025-10-04 11:02:58,199 - INFO - 检测到文件 D:\pdd\客服绩效文件存档\2025-10-01\顶瓜瓜儿童裤袜官方旗舰店.xlsx 使用引擎: xlrd
2025-10-04 11:02:58,202 - INFO - 成功读取文件: D:\pdd\客服绩效文件存档\2025-10-01\顶瓜瓜儿童裤袜官方旗舰店.xlsx, 数据行数: 9
2025-10-04 11:02:58,203 - INFO - 检测到文件 D:\pdd\客服绩效文件存档\2025-10-01\顶瓜瓜塔智专卖店.xlsx 使用引擎: xlrd
2025-10-04 11:02:58,205 - INFO - 成功读取文件: D:\pdd\客服绩效文件存档\2025-10-01\顶瓜瓜塔智专卖店.xlsx, 数据行数: 5
2025-10-04 11:02:58,206 - INFO - 检测到文件 D:\pdd\客服绩效文件存档\2025-10-01\顶瓜瓜旗舰店.xlsx 使用引擎: xlrd
2025-10-04 11:02:58,209 - INFO - 成功读取文件: D:\pdd\客服绩效文件存档\2025-10-01\顶瓜瓜旗舰店.xlsx, 数据行数: 5
2025-10-04 11:02:58,210 - INFO - 检测到文件 D:\pdd\客服绩效文件存档\2025-10-01\顶瓜瓜童袜服饰旗舰店.xlsx 使用引擎: xlrd
2025-10-04 11:02:58,213 - INFO - 成功读取文件: D:\pdd\客服绩效文件存档\2025-10-01\顶瓜瓜童袜服饰旗舰店.xlsx, 数据行数: 9
2025-10-04 11:02:58,213 - INFO - 检测到文件 D:\pdd\客服绩效文件存档\2025-10-01\顶瓜瓜赛麦达专卖店.xlsx 使用引擎: xlrd
2025-10-04 11:02:58,215 - INFO - 成功读取文件: D:\pdd\客服绩效文件存档\2025-10-01\顶瓜瓜赛麦达专卖店.xlsx, 数据行数: 6
2025-10-04 11:02:58,216 - INFO - 检测到文件 D:\pdd\客服绩效文件存档\2025-10-01\顶瓜瓜针织旗舰店.xlsx 使用引擎: xlrd
2025-10-04 11:02:58,218 - INFO - 成功读取文件: D:\pdd\客服绩效文件存档\2025-10-01\顶瓜瓜针织旗舰店.xlsx, 数据行数: 5
2025-10-04 11:02:58,218 - INFO - 检测到文件 D:\pdd\客服绩效文件存档\2025-10-01\领路内衣裤袜专营店.xlsx 使用引擎: xlrd
2025-10-04 11:02:58,221 - INFO - 成功读取文件: D:\pdd\客服绩效文件存档\2025-10-01\领路内衣裤袜专营店.xlsx, 数据行数: 5
2025-10-04 11:02:58,221 - INFO - 检测到文件 D:\pdd\客服绩效文件存档\2025-10-01\领路服饰专营店.xlsx 使用引擎: xlrd
2025-10-04 11:02:58,224 - INFO - 成功读取文件: D:\pdd\客服绩效文件存档\2025-10-01\领路服饰专营店.xlsx, 数据行数: 5
2025-10-04 11:02:58,225 - INFO - 检测到文件 D:\pdd\客服绩效文件存档\2025-10-01\领路针纺专营店.xlsx 使用引擎: xlrd
2025-10-04 11:02:58,228 - INFO - 成功读取文件: D:\pdd\客服绩效文件存档\2025-10-01\领路针纺专营店.xlsx, 数据行数: 5
2025-10-04 11:02:58,228 - INFO - 检测到文件 D:\pdd\客服绩效文件存档\2025-10-01\领路针织专营店.xlsx 使用引擎: xlrd
2025-10-04 11:02:58,231 - INFO - 成功读取文件: D:\pdd\客服绩效文件存档\2025-10-01\领路针织专营店.xlsx, 数据行数: 4
2025-10-04 11:02:58,231 - INFO - 检测到文件 D:\pdd\客服绩效文件存档\2025-10-01\领路针织服饰专营店.xlsx 使用引擎: xlrd
2025-10-04 11:02:58,234 - INFO - 成功读取文件: D:\pdd\客服绩效文件存档\2025-10-01\领路针织服饰专营店.xlsx, 数据行数: 9
2025-10-04 11:02:58,234 - INFO - 开始合并数据...
2025-10-04 11:02:58,791 - INFO - 合并完成！
2025-10-04 11:02:58,791 - INFO - 输出文件: D:\pdd\合并文件\客服绩效文件存档\客服绩效合并_2025-10-01.xlsx
2025-10-04 11:02:58,791 - INFO - 总行数: 772
2025-10-04 11:02:58,791 - INFO - 总列数: 23
2025-10-04 11:02:58,794 - INFO - 包含的店铺: ['361南宸专卖店', '361嘉昕专卖店', '361增硕专卖店', '361度亮彩专卖店', '361度景熙运动专卖店', '361度精典专卖店', '361度精特运动专卖店', '361度运动专卖店', '361度运动袜旗舰店', '361弈鑫专卖店', '361捷昕专卖店', '361棉柔专卖店', '361灏和专卖店', '361赛麦达专卖店', '361运动专卖店', 'Socks袜哒哒', 'yaloo雅鹿内衣裤袜旗舰店', 'yaloo雅鹿针织裤袜旗舰店', '七色纺内衣棉袜官方旗舰店', '七色纺内衣裤袜官方旗舰店', '七色纺裤袜官方旗舰店', '七色纺运动袜官方旗舰店', '亮彩居家企业店', '亮彩日用专营店', '亮彩日用家居专营店', '亮彩日用居家企业店', '俞兆林儿童袜业旗舰店', '俞兆林儿童袜子旗舰店', '俞兆林儿童裤袜旗舰店', '俞兆林棉袜子旗舰店', '俞兆林童袜服饰旗舰店', '儿童袜子棉柔企业店', '南宸居家企业店', '卡拉美拉棉袜旗舰店', '卡拉美拉袜子旗舰店', '双炽厨房用品专营店', '双炽居家日用专营店', '吾惗双炽专卖店', '吾惗居家旗舰店', '嘉昕运动配件1店', '回力倪菲专卖店', '回力嘉昕专卖店', '回力弈鑫专卖店', '回力棉娅专卖店', '回力津舟专卖店', '回力甄棉专卖店', '回力西有专卖店', '回力贝臻专卖店', '回力赛麦达专卖店', '回力运动袜旗舰店', '回力铭澄专卖店', '垚踏小栈', '增硕日用生活居家企业店', '好物库存促销店', '宜而爽潮袜旗舰店', '宜而爽袜品旗舰店', '宜而爽裤袜旗舰店', '帕兰朵儿童服饰旗舰店', '帕兰朵儿童棉袜旗舰店', '帕兰朵儿童袜子旗舰店', '帕兰朵儿童袜旗舰店', '帕兰朵儿童裤袜旗舰店', '帕兰朵棉袜针织旗舰店', '帕兰朵童袜旗舰店', '弈鑫家居企业店', '彤昕运动用品企业店', '捷昕内衣裤袜专营店', '捷昕打底裤袜专营店', '捷昕服饰箱包专营店', '捷昕袜子专营店', '捷昕针织专营店', '捷昕针织裤袜专营店', '日用居家企业店', '朴西南离专卖店', '朴西圭途专卖店', '森火拖拖乐', '灏和内衣裤袜专营店', '灏和服饰配件专营店', '灏和袜业专营店', '灏和袜品专营店', '灏和袜子专营店', '灏和针织裤袜专营店', '炊枭官方旗舰店', '炊枭居家官方旗舰店', '炊枭居家日用旗舰店', '红豆内衣裤袜官方旗舰店', '红豆捷昕专卖店', '红豆服饰箱包官方旗舰店', '红豆服饰配件官方旗舰店', '红豆灏和专卖店', '红豆袜品旗舰店', '红豆袜子官方旗舰店', '红豆裤袜官方旗舰店', '红豆针织官方旗舰店', '红豆针织裤袜官方旗舰店', '美利奴内衣裤袜旗舰店', '蕉阳布坊', '诗丽尔袜子', '阿狸一次性用品旗舰店', '阿狸双炽专卖店', '雅鹿yaloo运动棉袜旗舰店', '雅鹿yaloo运动袜旗舰店', '雅鹿儿童针织旗舰店', '雅鹿婴童用品旗舰店', '雅鹿学生袜子旗舰店', '雅鹿男袜官方旗舰店', '雅鹿裤袜服饰旗舰店', '雅鹿运动袜品旗舰店', '雅鹿针织丝袜官方旗舰店', '雅鹿针织棉袜官方旗舰店', '雅鹿针织配件旗舰店', '顶瓜瓜儿童袜旗舰店', '顶瓜瓜儿童裤袜官方旗舰店', '顶瓜瓜塔智专卖店', '顶瓜瓜旗舰店', '顶瓜瓜童袜服饰旗舰店', '顶瓜瓜赛麦达专卖店', '顶瓜瓜针织旗舰店', '领路内衣裤袜专营店', '领路服饰专营店', '领路针纺专营店', '领路针织专营店', '领路针织服饰专营店']
2025-10-04 12:02:52,304 - INFO - 找到 124 个有效Excel文件
2025-10-04 12:02:52,304 - INFO - 检测到文件 D:\pdd\客服绩效文件存档周度\2025-09-25_2025-10-01\361南宸专卖店.xlsx 使用引擎: xlrd
2025-10-04 12:02:52,310 - INFO - 成功读取文件: D:\pdd\客服绩效文件存档周度\2025-09-25_2025-10-01\361南宸专卖店.xlsx, 数据行数: 11
2025-10-04 12:02:52,310 - INFO - 检测到文件 D:\pdd\客服绩效文件存档周度\2025-09-25_2025-10-01\361嘉昕专卖店.xlsx 使用引擎: xlrd
2025-10-04 12:02:52,313 - INFO - 成功读取文件: D:\pdd\客服绩效文件存档周度\2025-09-25_2025-10-01\361嘉昕专卖店.xlsx, 数据行数: 11
2025-10-04 12:02:52,314 - INFO - 检测到文件 D:\pdd\客服绩效文件存档周度\2025-09-25_2025-10-01\361增硕专卖店.xlsx 使用引擎: xlrd
2025-10-04 12:02:52,317 - INFO - 成功读取文件: D:\pdd\客服绩效文件存档周度\2025-09-25_2025-10-01\361增硕专卖店.xlsx, 数据行数: 7
2025-10-04 12:02:52,317 - INFO - 检测到文件 D:\pdd\客服绩效文件存档周度\2025-09-25_2025-10-01\361度亮彩专卖店.xlsx 使用引擎: xlrd
2025-10-04 12:02:52,320 - INFO - 成功读取文件: D:\pdd\客服绩效文件存档周度\2025-09-25_2025-10-01\361度亮彩专卖店.xlsx, 数据行数: 8
2025-10-04 12:02:52,320 - INFO - 检测到文件 D:\pdd\客服绩效文件存档周度\2025-09-25_2025-10-01\361度景熙运动专卖店.xlsx 使用引擎: xlrd
2025-10-04 12:02:52,323 - INFO - 成功读取文件: D:\pdd\客服绩效文件存档周度\2025-09-25_2025-10-01\361度景熙运动专卖店.xlsx, 数据行数: 10
2025-10-04 12:02:52,323 - INFO - 检测到文件 D:\pdd\客服绩效文件存档周度\2025-09-25_2025-10-01\361度精典专卖店.xlsx 使用引擎: xlrd
2025-10-04 12:02:52,326 - INFO - 成功读取文件: D:\pdd\客服绩效文件存档周度\2025-09-25_2025-10-01\361度精典专卖店.xlsx, 数据行数: 6
2025-10-04 12:02:52,326 - INFO - 检测到文件 D:\pdd\客服绩效文件存档周度\2025-09-25_2025-10-01\361度精特运动专卖店.xlsx 使用引擎: xlrd
2025-10-04 12:02:52,329 - INFO - 成功读取文件: D:\pdd\客服绩效文件存档周度\2025-09-25_2025-10-01\361度精特运动专卖店.xlsx, 数据行数: 10
2025-10-04 12:02:52,330 - INFO - 检测到文件 D:\pdd\客服绩效文件存档周度\2025-09-25_2025-10-01\361度运动专卖店.xlsx 使用引擎: xlrd
2025-10-04 12:02:52,332 - INFO - 成功读取文件: D:\pdd\客服绩效文件存档周度\2025-09-25_2025-10-01\361度运动专卖店.xlsx, 数据行数: 6
2025-10-04 12:02:52,333 - INFO - 检测到文件 D:\pdd\客服绩效文件存档周度\2025-09-25_2025-10-01\361度运动袜旗舰店.xlsx 使用引擎: xlrd
2025-10-04 12:02:52,335 - INFO - 成功读取文件: D:\pdd\客服绩效文件存档周度\2025-09-25_2025-10-01\361度运动袜旗舰店.xlsx, 数据行数: 13
2025-10-04 12:02:52,336 - INFO - 检测到文件 D:\pdd\客服绩效文件存档周度\2025-09-25_2025-10-01\361弈鑫专卖店.xlsx 使用引擎: xlrd
2025-10-04 12:02:52,339 - INFO - 成功读取文件: D:\pdd\客服绩效文件存档周度\2025-09-25_2025-10-01\361弈鑫专卖店.xlsx, 数据行数: 11
2025-10-04 12:02:52,340 - INFO - 检测到文件 D:\pdd\客服绩效文件存档周度\2025-09-25_2025-10-01\361捷昕专卖店.xlsx 使用引擎: xlrd
2025-10-04 12:02:52,343 - INFO - 成功读取文件: D:\pdd\客服绩效文件存档周度\2025-09-25_2025-10-01\361捷昕专卖店.xlsx, 数据行数: 6
2025-10-04 12:02:52,343 - INFO - 检测到文件 D:\pdd\客服绩效文件存档周度\2025-09-25_2025-10-01\361棉柔专卖店.xlsx 使用引擎: xlrd
2025-10-04 12:02:52,346 - INFO - 成功读取文件: D:\pdd\客服绩效文件存档周度\2025-09-25_2025-10-01\361棉柔专卖店.xlsx, 数据行数: 6
2025-10-04 12:02:52,346 - INFO - 检测到文件 D:\pdd\客服绩效文件存档周度\2025-09-25_2025-10-01\361灏和专卖店.xlsx 使用引擎: xlrd
2025-10-04 12:02:52,352 - INFO - 成功读取文件: D:\pdd\客服绩效文件存档周度\2025-09-25_2025-10-01\361灏和专卖店.xlsx, 数据行数: 7
2025-10-04 12:02:52,352 - INFO - 检测到文件 D:\pdd\客服绩效文件存档周度\2025-09-25_2025-10-01\361赛麦达专卖店.xlsx 使用引擎: xlrd
2025-10-04 12:02:52,355 - INFO - 成功读取文件: D:\pdd\客服绩效文件存档周度\2025-09-25_2025-10-01\361赛麦达专卖店.xlsx, 数据行数: 11
2025-10-04 12:02:52,355 - INFO - 检测到文件 D:\pdd\客服绩效文件存档周度\2025-09-25_2025-10-01\361运动专卖店.xlsx 使用引擎: xlrd
2025-10-04 12:02:52,358 - INFO - 成功读取文件: D:\pdd\客服绩效文件存档周度\2025-09-25_2025-10-01\361运动专卖店.xlsx, 数据行数: 10
2025-10-04 12:02:52,358 - INFO - 检测到文件 D:\pdd\客服绩效文件存档周度\2025-09-25_2025-10-01\Socks袜哒哒.xlsx 使用引擎: xlrd
2025-10-04 12:02:52,361 - INFO - 成功读取文件: D:\pdd\客服绩效文件存档周度\2025-09-25_2025-10-01\Socks袜哒哒.xlsx, 数据行数: 4
2025-10-04 12:02:52,361 - INFO - 检测到文件 D:\pdd\客服绩效文件存档周度\2025-09-25_2025-10-01\yaloo雅鹿内衣裤袜旗舰店.xlsx 使用引擎: xlrd
2025-10-04 12:02:52,364 - INFO - 成功读取文件: D:\pdd\客服绩效文件存档周度\2025-09-25_2025-10-01\yaloo雅鹿内衣裤袜旗舰店.xlsx, 数据行数: 8
2025-10-04 12:02:52,364 - INFO - 检测到文件 D:\pdd\客服绩效文件存档周度\2025-09-25_2025-10-01\yaloo雅鹿针织裤袜旗舰店.xlsx 使用引擎: xlrd
2025-10-04 12:02:52,367 - INFO - 成功读取文件: D:\pdd\客服绩效文件存档周度\2025-09-25_2025-10-01\yaloo雅鹿针织裤袜旗舰店.xlsx, 数据行数: 8
2025-10-04 12:02:52,367 - INFO - 检测到文件 D:\pdd\客服绩效文件存档周度\2025-09-25_2025-10-01\七色纺内衣棉袜官方旗舰店.xlsx 使用引擎: xlrd
2025-10-04 12:02:52,371 - INFO - 成功读取文件: D:\pdd\客服绩效文件存档周度\2025-09-25_2025-10-01\七色纺内衣棉袜官方旗舰店.xlsx, 数据行数: 5
2025-10-04 12:02:52,372 - INFO - 检测到文件 D:\pdd\客服绩效文件存档周度\2025-09-25_2025-10-01\七色纺内衣裤袜官方旗舰店.xlsx 使用引擎: xlrd
2025-10-04 12:02:52,375 - INFO - 成功读取文件: D:\pdd\客服绩效文件存档周度\2025-09-25_2025-10-01\七色纺内衣裤袜官方旗舰店.xlsx, 数据行数: 5
2025-10-04 12:02:52,375 - INFO - 检测到文件 D:\pdd\客服绩效文件存档周度\2025-09-25_2025-10-01\七色纺裤袜官方旗舰店.xlsx 使用引擎: xlrd
2025-10-04 12:02:52,378 - INFO - 成功读取文件: D:\pdd\客服绩效文件存档周度\2025-09-25_2025-10-01\七色纺裤袜官方旗舰店.xlsx, 数据行数: 9
2025-10-04 12:02:52,378 - INFO - 检测到文件 D:\pdd\客服绩效文件存档周度\2025-09-25_2025-10-01\七色纺运动袜官方旗舰店.xlsx 使用引擎: xlrd
2025-10-04 12:02:52,381 - INFO - 成功读取文件: D:\pdd\客服绩效文件存档周度\2025-09-25_2025-10-01\七色纺运动袜官方旗舰店.xlsx, 数据行数: 5
2025-10-04 12:02:52,381 - INFO - 检测到文件 D:\pdd\客服绩效文件存档周度\2025-09-25_2025-10-01\亮彩居家企业店.xlsx 使用引擎: xlrd
2025-10-04 12:02:52,383 - INFO - 成功读取文件: D:\pdd\客服绩效文件存档周度\2025-09-25_2025-10-01\亮彩居家企业店.xlsx, 数据行数: 4
2025-10-04 12:02:52,384 - INFO - 检测到文件 D:\pdd\客服绩效文件存档周度\2025-09-25_2025-10-01\亮彩日用专营店.xlsx 使用引擎: xlrd
2025-10-04 12:02:52,386 - INFO - 成功读取文件: D:\pdd\客服绩效文件存档周度\2025-09-25_2025-10-01\亮彩日用专营店.xlsx, 数据行数: 4
2025-10-04 12:02:52,386 - INFO - 检测到文件 D:\pdd\客服绩效文件存档周度\2025-09-25_2025-10-01\亮彩日用家居专营店.xlsx 使用引擎: xlrd
2025-10-04 12:02:52,389 - INFO - 成功读取文件: D:\pdd\客服绩效文件存档周度\2025-09-25_2025-10-01\亮彩日用家居专营店.xlsx, 数据行数: 4
2025-10-04 12:02:52,389 - INFO - 检测到文件 D:\pdd\客服绩效文件存档周度\2025-09-25_2025-10-01\亮彩日用居家企业店.xlsx 使用引擎: xlrd
2025-10-04 12:02:52,392 - INFO - 成功读取文件: D:\pdd\客服绩效文件存档周度\2025-09-25_2025-10-01\亮彩日用居家企业店.xlsx, 数据行数: 4
2025-10-04 12:02:52,392 - INFO - 检测到文件 D:\pdd\客服绩效文件存档周度\2025-09-25_2025-10-01\俞兆林儿童袜业旗舰店.xlsx 使用引擎: xlrd
2025-10-04 12:02:52,395 - INFO - 成功读取文件: D:\pdd\客服绩效文件存档周度\2025-09-25_2025-10-01\俞兆林儿童袜业旗舰店.xlsx, 数据行数: 8
2025-10-04 12:02:52,395 - INFO - 检测到文件 D:\pdd\客服绩效文件存档周度\2025-09-25_2025-10-01\俞兆林儿童袜子旗舰店.xlsx 使用引擎: xlrd
2025-10-04 12:02:52,399 - INFO - 成功读取文件: D:\pdd\客服绩效文件存档周度\2025-09-25_2025-10-01\俞兆林儿童袜子旗舰店.xlsx, 数据行数: 8
2025-10-04 12:02:52,399 - INFO - 检测到文件 D:\pdd\客服绩效文件存档周度\2025-09-25_2025-10-01\俞兆林儿童裤袜旗舰店.xlsx 使用引擎: xlrd
2025-10-04 12:02:52,402 - INFO - 成功读取文件: D:\pdd\客服绩效文件存档周度\2025-09-25_2025-10-01\俞兆林儿童裤袜旗舰店.xlsx, 数据行数: 4
2025-10-04 12:02:52,402 - INFO - 检测到文件 D:\pdd\客服绩效文件存档周度\2025-09-25_2025-10-01\俞兆林棉袜子旗舰店.xlsx 使用引擎: xlrd
2025-10-04 12:02:52,405 - INFO - 成功读取文件: D:\pdd\客服绩效文件存档周度\2025-09-25_2025-10-01\俞兆林棉袜子旗舰店.xlsx, 数据行数: 8
2025-10-04 12:02:52,405 - INFO - 检测到文件 D:\pdd\客服绩效文件存档周度\2025-09-25_2025-10-01\俞兆林童袜服饰旗舰店.xlsx 使用引擎: xlrd
2025-10-04 12:02:52,408 - INFO - 成功读取文件: D:\pdd\客服绩效文件存档周度\2025-09-25_2025-10-01\俞兆林童袜服饰旗舰店.xlsx, 数据行数: 4
2025-10-04 12:02:52,408 - INFO - 检测到文件 D:\pdd\客服绩效文件存档周度\2025-09-25_2025-10-01\儿童袜子棉柔企业店.xlsx 使用引擎: xlrd
2025-10-04 12:02:52,411 - INFO - 成功读取文件: D:\pdd\客服绩效文件存档周度\2025-09-25_2025-10-01\儿童袜子棉柔企业店.xlsx, 数据行数: 4
2025-10-04 12:02:52,411 - INFO - 检测到文件 D:\pdd\客服绩效文件存档周度\2025-09-25_2025-10-01\南宸居家企业店.xlsx 使用引擎: xlrd
2025-10-04 12:02:52,414 - INFO - 成功读取文件: D:\pdd\客服绩效文件存档周度\2025-09-25_2025-10-01\南宸居家企业店.xlsx, 数据行数: 4
2025-10-04 12:02:52,414 - INFO - 检测到文件 D:\pdd\客服绩效文件存档周度\2025-09-25_2025-10-01\卡拉美拉棉袜旗舰店.xlsx 使用引擎: xlrd
2025-10-04 12:02:52,417 - INFO - 成功读取文件: D:\pdd\客服绩效文件存档周度\2025-09-25_2025-10-01\卡拉美拉棉袜旗舰店.xlsx, 数据行数: 5
2025-10-04 12:02:52,417 - INFO - 检测到文件 D:\pdd\客服绩效文件存档周度\2025-09-25_2025-10-01\卡拉美拉袜子旗舰店.xlsx 使用引擎: xlrd
2025-10-04 12:02:52,419 - INFO - 成功读取文件: D:\pdd\客服绩效文件存档周度\2025-09-25_2025-10-01\卡拉美拉袜子旗舰店.xlsx, 数据行数: 5
2025-10-04 12:02:52,420 - INFO - 检测到文件 D:\pdd\客服绩效文件存档周度\2025-09-25_2025-10-01\双炽厨房用品专营店.xlsx 使用引擎: xlrd
2025-10-04 12:02:52,422 - INFO - 成功读取文件: D:\pdd\客服绩效文件存档周度\2025-09-25_2025-10-01\双炽厨房用品专营店.xlsx, 数据行数: 5
2025-10-04 12:02:52,422 - INFO - 检测到文件 D:\pdd\客服绩效文件存档周度\2025-09-25_2025-10-01\双炽居家日用专营店.xlsx 使用引擎: xlrd
2025-10-04 12:02:52,425 - INFO - 成功读取文件: D:\pdd\客服绩效文件存档周度\2025-09-25_2025-10-01\双炽居家日用专营店.xlsx, 数据行数: 4
2025-10-04 12:02:52,425 - INFO - 检测到文件 D:\pdd\客服绩效文件存档周度\2025-09-25_2025-10-01\吾惗双炽专卖店.xlsx 使用引擎: xlrd
2025-10-04 12:02:52,428 - INFO - 成功读取文件: D:\pdd\客服绩效文件存档周度\2025-09-25_2025-10-01\吾惗双炽专卖店.xlsx, 数据行数: 4
2025-10-04 12:02:52,428 - INFO - 检测到文件 D:\pdd\客服绩效文件存档周度\2025-09-25_2025-10-01\吾惗居家旗舰店.xlsx 使用引擎: xlrd
2025-10-04 12:02:52,432 - INFO - 成功读取文件: D:\pdd\客服绩效文件存档周度\2025-09-25_2025-10-01\吾惗居家旗舰店.xlsx, 数据行数: 4
2025-10-04 12:02:52,432 - INFO - 检测到文件 D:\pdd\客服绩效文件存档周度\2025-09-25_2025-10-01\嘉昕运动配件1店.xlsx 使用引擎: xlrd
2025-10-04 12:02:52,435 - INFO - 成功读取文件: D:\pdd\客服绩效文件存档周度\2025-09-25_2025-10-01\嘉昕运动配件1店.xlsx, 数据行数: 6
2025-10-04 12:02:52,435 - INFO - 检测到文件 D:\pdd\客服绩效文件存档周度\2025-09-25_2025-10-01\回力倪菲专卖店.xlsx 使用引擎: xlrd
2025-10-04 12:02:52,438 - INFO - 成功读取文件: D:\pdd\客服绩效文件存档周度\2025-09-25_2025-10-01\回力倪菲专卖店.xlsx, 数据行数: 12
2025-10-04 12:02:52,439 - INFO - 检测到文件 D:\pdd\客服绩效文件存档周度\2025-09-25_2025-10-01\回力嘉昕专卖店.xlsx 使用引擎: xlrd
2025-10-04 12:02:52,442 - INFO - 成功读取文件: D:\pdd\客服绩效文件存档周度\2025-09-25_2025-10-01\回力嘉昕专卖店.xlsx, 数据行数: 10
2025-10-04 12:02:52,442 - INFO - 检测到文件 D:\pdd\客服绩效文件存档周度\2025-09-25_2025-10-01\回力弈鑫专卖店.xlsx 使用引擎: xlrd
2025-10-04 12:02:52,445 - INFO - 成功读取文件: D:\pdd\客服绩效文件存档周度\2025-09-25_2025-10-01\回力弈鑫专卖店.xlsx, 数据行数: 10
2025-10-04 12:02:52,445 - INFO - 检测到文件 D:\pdd\客服绩效文件存档周度\2025-09-25_2025-10-01\回力棉娅专卖店.xlsx 使用引擎: xlrd
2025-10-04 12:02:52,448 - INFO - 成功读取文件: D:\pdd\客服绩效文件存档周度\2025-09-25_2025-10-01\回力棉娅专卖店.xlsx, 数据行数: 10
2025-10-04 12:02:52,448 - INFO - 检测到文件 D:\pdd\客服绩效文件存档周度\2025-09-25_2025-10-01\回力津舟专卖店.xlsx 使用引擎: xlrd
2025-10-04 12:02:52,452 - INFO - 成功读取文件: D:\pdd\客服绩效文件存档周度\2025-09-25_2025-10-01\回力津舟专卖店.xlsx, 数据行数: 10
2025-10-04 12:02:52,452 - INFO - 检测到文件 D:\pdd\客服绩效文件存档周度\2025-09-25_2025-10-01\回力甄棉专卖店.xlsx 使用引擎: xlrd
2025-10-04 12:02:52,454 - INFO - 成功读取文件: D:\pdd\客服绩效文件存档周度\2025-09-25_2025-10-01\回力甄棉专卖店.xlsx, 数据行数: 4
2025-10-04 12:02:52,455 - INFO - 检测到文件 D:\pdd\客服绩效文件存档周度\2025-09-25_2025-10-01\回力西有专卖店.xlsx 使用引擎: xlrd
2025-10-04 12:02:52,457 - INFO - 成功读取文件: D:\pdd\客服绩效文件存档周度\2025-09-25_2025-10-01\回力西有专卖店.xlsx, 数据行数: 10
2025-10-04 12:02:52,458 - INFO - 检测到文件 D:\pdd\客服绩效文件存档周度\2025-09-25_2025-10-01\回力贝臻专卖店.xlsx 使用引擎: xlrd
2025-10-04 12:02:52,461 - INFO - 成功读取文件: D:\pdd\客服绩效文件存档周度\2025-09-25_2025-10-01\回力贝臻专卖店.xlsx, 数据行数: 10
2025-10-04 12:02:52,461 - INFO - 检测到文件 D:\pdd\客服绩效文件存档周度\2025-09-25_2025-10-01\回力赛麦达专卖店.xlsx 使用引擎: xlrd
2025-10-04 12:02:52,465 - INFO - 成功读取文件: D:\pdd\客服绩效文件存档周度\2025-09-25_2025-10-01\回力赛麦达专卖店.xlsx, 数据行数: 11
2025-10-04 12:02:52,465 - INFO - 检测到文件 D:\pdd\客服绩效文件存档周度\2025-09-25_2025-10-01\回力运动袜旗舰店.xlsx 使用引擎: xlrd
2025-10-04 12:02:52,468 - INFO - 成功读取文件: D:\pdd\客服绩效文件存档周度\2025-09-25_2025-10-01\回力运动袜旗舰店.xlsx, 数据行数: 12
2025-10-04 12:02:52,468 - INFO - 检测到文件 D:\pdd\客服绩效文件存档周度\2025-09-25_2025-10-01\回力铭澄专卖店.xlsx 使用引擎: xlrd
2025-10-04 12:02:52,472 - INFO - 成功读取文件: D:\pdd\客服绩效文件存档周度\2025-09-25_2025-10-01\回力铭澄专卖店.xlsx, 数据行数: 4
2025-10-04 12:02:52,472 - INFO - 检测到文件 D:\pdd\客服绩效文件存档周度\2025-09-25_2025-10-01\垚踏小栈.xlsx 使用引擎: xlrd
2025-10-04 12:02:52,475 - INFO - 成功读取文件: D:\pdd\客服绩效文件存档周度\2025-09-25_2025-10-01\垚踏小栈.xlsx, 数据行数: 8
2025-10-04 12:02:52,475 - INFO - 检测到文件 D:\pdd\客服绩效文件存档周度\2025-09-25_2025-10-01\增硕日用生活居家企业店.xlsx 使用引擎: xlrd
2025-10-04 12:02:52,478 - INFO - 成功读取文件: D:\pdd\客服绩效文件存档周度\2025-09-25_2025-10-01\增硕日用生活居家企业店.xlsx, 数据行数: 6
2025-10-04 12:02:52,478 - INFO - 检测到文件 D:\pdd\客服绩效文件存档周度\2025-09-25_2025-10-01\好物库存促销店.xlsx 使用引擎: xlrd
2025-10-04 12:02:52,481 - INFO - 成功读取文件: D:\pdd\客服绩效文件存档周度\2025-09-25_2025-10-01\好物库存促销店.xlsx, 数据行数: 4
2025-10-04 12:02:52,481 - INFO - 检测到文件 D:\pdd\客服绩效文件存档周度\2025-09-25_2025-10-01\宜而爽棉袜旗舰店.xlsx 使用引擎: xlrd
2025-10-04 12:02:52,484 - INFO - 成功读取文件: D:\pdd\客服绩效文件存档周度\2025-09-25_2025-10-01\宜而爽棉袜旗舰店.xlsx, 数据行数: 3
2025-10-04 12:02:52,484 - INFO - 检测到文件 D:\pdd\客服绩效文件存档周度\2025-09-25_2025-10-01\宜而爽潮袜旗舰店.xlsx 使用引擎: xlrd
2025-10-04 12:02:52,486 - INFO - 成功读取文件: D:\pdd\客服绩效文件存档周度\2025-09-25_2025-10-01\宜而爽潮袜旗舰店.xlsx, 数据行数: 3
2025-10-04 12:02:52,486 - INFO - 检测到文件 D:\pdd\客服绩效文件存档周度\2025-09-25_2025-10-01\宜而爽袜品旗舰店.xlsx 使用引擎: xlrd
2025-10-04 12:02:52,489 - INFO - 成功读取文件: D:\pdd\客服绩效文件存档周度\2025-09-25_2025-10-01\宜而爽袜品旗舰店.xlsx, 数据行数: 3
2025-10-04 12:02:52,489 - INFO - 检测到文件 D:\pdd\客服绩效文件存档周度\2025-09-25_2025-10-01\宜而爽裤袜旗舰店.xlsx 使用引擎: xlrd
2025-10-04 12:02:52,493 - INFO - 成功读取文件: D:\pdd\客服绩效文件存档周度\2025-09-25_2025-10-01\宜而爽裤袜旗舰店.xlsx, 数据行数: 3
2025-10-04 12:02:52,494 - INFO - 检测到文件 D:\pdd\客服绩效文件存档周度\2025-09-25_2025-10-01\帕兰朵儿童服饰旗舰店.xlsx 使用引擎: xlrd
2025-10-04 12:02:52,497 - INFO - 成功读取文件: D:\pdd\客服绩效文件存档周度\2025-09-25_2025-10-01\帕兰朵儿童服饰旗舰店.xlsx, 数据行数: 5
2025-10-04 12:02:52,497 - INFO - 检测到文件 D:\pdd\客服绩效文件存档周度\2025-09-25_2025-10-01\帕兰朵儿童棉袜旗舰店.xlsx 使用引擎: xlrd
2025-10-04 12:02:52,500 - INFO - 成功读取文件: D:\pdd\客服绩效文件存档周度\2025-09-25_2025-10-01\帕兰朵儿童棉袜旗舰店.xlsx, 数据行数: 5
2025-10-04 12:02:52,500 - INFO - 检测到文件 D:\pdd\客服绩效文件存档周度\2025-09-25_2025-10-01\帕兰朵儿童袜子旗舰店.xlsx 使用引擎: xlrd
2025-10-04 12:02:52,503 - INFO - 成功读取文件: D:\pdd\客服绩效文件存档周度\2025-09-25_2025-10-01\帕兰朵儿童袜子旗舰店.xlsx, 数据行数: 9
2025-10-04 12:02:52,503 - INFO - 检测到文件 D:\pdd\客服绩效文件存档周度\2025-09-25_2025-10-01\帕兰朵儿童袜旗舰店.xlsx 使用引擎: xlrd
2025-10-04 12:02:52,506 - INFO - 成功读取文件: D:\pdd\客服绩效文件存档周度\2025-09-25_2025-10-01\帕兰朵儿童袜旗舰店.xlsx, 数据行数: 5
2025-10-04 12:02:52,506 - INFO - 检测到文件 D:\pdd\客服绩效文件存档周度\2025-09-25_2025-10-01\帕兰朵儿童裤袜旗舰店.xlsx 使用引擎: xlrd
2025-10-04 12:02:52,509 - INFO - 成功读取文件: D:\pdd\客服绩效文件存档周度\2025-09-25_2025-10-01\帕兰朵儿童裤袜旗舰店.xlsx, 数据行数: 5
2025-10-04 12:02:52,509 - INFO - 检测到文件 D:\pdd\客服绩效文件存档周度\2025-09-25_2025-10-01\帕兰朵棉袜针织旗舰店.xlsx 使用引擎: xlrd
2025-10-04 12:02:52,512 - INFO - 成功读取文件: D:\pdd\客服绩效文件存档周度\2025-09-25_2025-10-01\帕兰朵棉袜针织旗舰店.xlsx, 数据行数: 5
2025-10-04 12:02:52,512 - INFO - 检测到文件 D:\pdd\客服绩效文件存档周度\2025-09-25_2025-10-01\帕兰朵童袜旗舰店.xlsx 使用引擎: xlrd
2025-10-04 12:02:52,514 - INFO - 成功读取文件: D:\pdd\客服绩效文件存档周度\2025-09-25_2025-10-01\帕兰朵童袜旗舰店.xlsx, 数据行数: 5
2025-10-04 12:02:52,515 - INFO - 检测到文件 D:\pdd\客服绩效文件存档周度\2025-09-25_2025-10-01\弈鑫家居企业店.xlsx 使用引擎: xlrd
2025-10-04 12:02:52,517 - INFO - 成功读取文件: D:\pdd\客服绩效文件存档周度\2025-09-25_2025-10-01\弈鑫家居企业店.xlsx, 数据行数: 4
2025-10-04 12:02:52,517 - INFO - 检测到文件 D:\pdd\客服绩效文件存档周度\2025-09-25_2025-10-01\彤昕运动用品企业店.xlsx 使用引擎: xlrd
2025-10-04 12:02:52,520 - INFO - 成功读取文件: D:\pdd\客服绩效文件存档周度\2025-09-25_2025-10-01\彤昕运动用品企业店.xlsx, 数据行数: 8
2025-10-04 12:02:52,520 - INFO - 检测到文件 D:\pdd\客服绩效文件存档周度\2025-09-25_2025-10-01\捷昕内衣裤袜专营店.xlsx 使用引擎: xlrd
2025-10-04 12:02:52,524 - INFO - 成功读取文件: D:\pdd\客服绩效文件存档周度\2025-09-25_2025-10-01\捷昕内衣裤袜专营店.xlsx, 数据行数: 5
2025-10-04 12:02:52,524 - INFO - 检测到文件 D:\pdd\客服绩效文件存档周度\2025-09-25_2025-10-01\捷昕打底裤袜专营店.xlsx 使用引擎: xlrd
2025-10-04 12:02:52,527 - INFO - 成功读取文件: D:\pdd\客服绩效文件存档周度\2025-09-25_2025-10-01\捷昕打底裤袜专营店.xlsx, 数据行数: 5
2025-10-04 12:02:52,527 - INFO - 检测到文件 D:\pdd\客服绩效文件存档周度\2025-09-25_2025-10-01\捷昕服饰箱包专营店.xlsx 使用引擎: xlrd
2025-10-04 12:02:52,530 - INFO - 成功读取文件: D:\pdd\客服绩效文件存档周度\2025-09-25_2025-10-01\捷昕服饰箱包专营店.xlsx, 数据行数: 5
2025-10-04 12:02:52,530 - INFO - 检测到文件 D:\pdd\客服绩效文件存档周度\2025-09-25_2025-10-01\捷昕袜子专营店.xlsx 使用引擎: xlrd
2025-10-04 12:02:52,533 - INFO - 成功读取文件: D:\pdd\客服绩效文件存档周度\2025-09-25_2025-10-01\捷昕袜子专营店.xlsx, 数据行数: 5
2025-10-04 12:02:52,533 - INFO - 检测到文件 D:\pdd\客服绩效文件存档周度\2025-09-25_2025-10-01\捷昕针织专营店.xlsx 使用引擎: xlrd
2025-10-04 12:02:52,536 - INFO - 成功读取文件: D:\pdd\客服绩效文件存档周度\2025-09-25_2025-10-01\捷昕针织专营店.xlsx, 数据行数: 5
2025-10-04 12:02:52,536 - INFO - 检测到文件 D:\pdd\客服绩效文件存档周度\2025-09-25_2025-10-01\捷昕针织裤袜专营店.xlsx 使用引擎: xlrd
2025-10-04 12:02:52,539 - INFO - 成功读取文件: D:\pdd\客服绩效文件存档周度\2025-09-25_2025-10-01\捷昕针织裤袜专营店.xlsx, 数据行数: 5
2025-10-04 12:02:52,539 - INFO - 检测到文件 D:\pdd\客服绩效文件存档周度\2025-09-25_2025-10-01\日用居家企业店.xlsx 使用引擎: xlrd
2025-10-04 12:02:52,542 - INFO - 成功读取文件: D:\pdd\客服绩效文件存档周度\2025-09-25_2025-10-01\日用居家企业店.xlsx, 数据行数: 5
2025-10-04 12:02:52,543 - INFO - 检测到文件 D:\pdd\客服绩效文件存档周度\2025-09-25_2025-10-01\朴西南离专卖店.xlsx 使用引擎: xlrd
2025-10-04 12:02:52,546 - INFO - 成功读取文件: D:\pdd\客服绩效文件存档周度\2025-09-25_2025-10-01\朴西南离专卖店.xlsx, 数据行数: 8
2025-10-04 12:02:52,546 - INFO - 检测到文件 D:\pdd\客服绩效文件存档周度\2025-09-25_2025-10-01\朴西圭途专卖店.xlsx 使用引擎: xlrd
2025-10-04 12:02:52,549 - INFO - 成功读取文件: D:\pdd\客服绩效文件存档周度\2025-09-25_2025-10-01\朴西圭途专卖店.xlsx, 数据行数: 4
2025-10-04 12:02:52,549 - INFO - 检测到文件 D:\pdd\客服绩效文件存档周度\2025-09-25_2025-10-01\森火拖拖乐.xlsx 使用引擎: xlrd
2025-10-04 12:02:52,554 - INFO - 成功读取文件: D:\pdd\客服绩效文件存档周度\2025-09-25_2025-10-01\森火拖拖乐.xlsx, 数据行数: 4
2025-10-04 12:02:52,554 - INFO - 检测到文件 D:\pdd\客服绩效文件存档周度\2025-09-25_2025-10-01\灏和内衣裤袜专营店.xlsx 使用引擎: xlrd
2025-10-04 12:02:52,558 - INFO - 成功读取文件: D:\pdd\客服绩效文件存档周度\2025-09-25_2025-10-01\灏和内衣裤袜专营店.xlsx, 数据行数: 5
2025-10-04 12:02:52,558 - INFO - 检测到文件 D:\pdd\客服绩效文件存档周度\2025-09-25_2025-10-01\灏和服饰配件专营店.xlsx 使用引擎: xlrd
2025-10-04 12:02:52,561 - INFO - 成功读取文件: D:\pdd\客服绩效文件存档周度\2025-09-25_2025-10-01\灏和服饰配件专营店.xlsx, 数据行数: 5
2025-10-04 12:02:52,561 - INFO - 检测到文件 D:\pdd\客服绩效文件存档周度\2025-09-25_2025-10-01\灏和袜业专营店.xlsx 使用引擎: xlrd
2025-10-04 12:02:52,564 - INFO - 成功读取文件: D:\pdd\客服绩效文件存档周度\2025-09-25_2025-10-01\灏和袜业专营店.xlsx, 数据行数: 9
2025-10-04 12:02:52,565 - INFO - 检测到文件 D:\pdd\客服绩效文件存档周度\2025-09-25_2025-10-01\灏和袜品专营店.xlsx 使用引擎: xlrd
2025-10-04 12:02:52,568 - INFO - 成功读取文件: D:\pdd\客服绩效文件存档周度\2025-09-25_2025-10-01\灏和袜品专营店.xlsx, 数据行数: 10
2025-10-04 12:02:52,568 - INFO - 检测到文件 D:\pdd\客服绩效文件存档周度\2025-09-25_2025-10-01\灏和袜子专营店.xlsx 使用引擎: xlrd
2025-10-04 12:02:52,571 - INFO - 成功读取文件: D:\pdd\客服绩效文件存档周度\2025-09-25_2025-10-01\灏和袜子专营店.xlsx, 数据行数: 9
2025-10-04 12:02:52,571 - INFO - 检测到文件 D:\pdd\客服绩效文件存档周度\2025-09-25_2025-10-01\灏和针织裤袜专营店.xlsx 使用引擎: xlrd
2025-10-04 12:02:52,574 - INFO - 成功读取文件: D:\pdd\客服绩效文件存档周度\2025-09-25_2025-10-01\灏和针织裤袜专营店.xlsx, 数据行数: 5
2025-10-04 12:02:52,574 - INFO - 检测到文件 D:\pdd\客服绩效文件存档周度\2025-09-25_2025-10-01\炊枭官方旗舰店.xlsx 使用引擎: xlrd
2025-10-04 12:02:52,577 - INFO - 成功读取文件: D:\pdd\客服绩效文件存档周度\2025-09-25_2025-10-01\炊枭官方旗舰店.xlsx, 数据行数: 4
2025-10-04 12:02:52,577 - INFO - 检测到文件 D:\pdd\客服绩效文件存档周度\2025-09-25_2025-10-01\炊枭居家官方旗舰店.xlsx 使用引擎: xlrd
2025-10-04 12:02:52,580 - INFO - 成功读取文件: D:\pdd\客服绩效文件存档周度\2025-09-25_2025-10-01\炊枭居家官方旗舰店.xlsx, 数据行数: 4
2025-10-04 12:02:52,580 - INFO - 检测到文件 D:\pdd\客服绩效文件存档周度\2025-09-25_2025-10-01\炊枭居家日用旗舰店.xlsx 使用引擎: xlrd
2025-10-04 12:02:52,583 - INFO - 成功读取文件: D:\pdd\客服绩效文件存档周度\2025-09-25_2025-10-01\炊枭居家日用旗舰店.xlsx, 数据行数: 4
2025-10-04 12:02:52,583 - INFO - 检测到文件 D:\pdd\客服绩效文件存档周度\2025-09-25_2025-10-01\红豆内衣裤袜官方旗舰店.xlsx 使用引擎: xlrd
2025-10-04 12:02:52,587 - INFO - 成功读取文件: D:\pdd\客服绩效文件存档周度\2025-09-25_2025-10-01\红豆内衣裤袜官方旗舰店.xlsx, 数据行数: 9
2025-10-04 12:02:52,587 - INFO - 检测到文件 D:\pdd\客服绩效文件存档周度\2025-09-25_2025-10-01\红豆捷昕专卖店.xlsx 使用引擎: xlrd
2025-10-04 12:02:52,590 - INFO - 成功读取文件: D:\pdd\客服绩效文件存档周度\2025-09-25_2025-10-01\红豆捷昕专卖店.xlsx, 数据行数: 9
2025-10-04 12:02:52,590 - INFO - 检测到文件 D:\pdd\客服绩效文件存档周度\2025-09-25_2025-10-01\红豆服饰箱包官方旗舰店.xlsx 使用引擎: xlrd
2025-10-04 12:02:52,594 - INFO - 成功读取文件: D:\pdd\客服绩效文件存档周度\2025-09-25_2025-10-01\红豆服饰箱包官方旗舰店.xlsx, 数据行数: 9
2025-10-04 12:02:52,594 - INFO - 检测到文件 D:\pdd\客服绩效文件存档周度\2025-09-25_2025-10-01\红豆服饰配件官方旗舰店.xlsx 使用引擎: xlrd
2025-10-04 12:02:52,598 - INFO - 成功读取文件: D:\pdd\客服绩效文件存档周度\2025-09-25_2025-10-01\红豆服饰配件官方旗舰店.xlsx, 数据行数: 5
2025-10-04 12:02:52,598 - INFO - 检测到文件 D:\pdd\客服绩效文件存档周度\2025-09-25_2025-10-01\红豆灏和专卖店.xlsx 使用引擎: xlrd
2025-10-04 12:02:52,601 - INFO - 成功读取文件: D:\pdd\客服绩效文件存档周度\2025-09-25_2025-10-01\红豆灏和专卖店.xlsx, 数据行数: 10
2025-10-04 12:02:52,602 - INFO - 检测到文件 D:\pdd\客服绩效文件存档周度\2025-09-25_2025-10-01\红豆袜品旗舰店.xlsx 使用引擎: xlrd
2025-10-04 12:02:52,604 - INFO - 成功读取文件: D:\pdd\客服绩效文件存档周度\2025-09-25_2025-10-01\红豆袜品旗舰店.xlsx, 数据行数: 5
2025-10-04 12:02:52,604 - INFO - 检测到文件 D:\pdd\客服绩效文件存档周度\2025-09-25_2025-10-01\红豆袜子官方旗舰店.xlsx 使用引擎: xlrd
2025-10-04 12:02:52,607 - INFO - 成功读取文件: D:\pdd\客服绩效文件存档周度\2025-09-25_2025-10-01\红豆袜子官方旗舰店.xlsx, 数据行数: 9
2025-10-04 12:02:52,607 - INFO - 检测到文件 D:\pdd\客服绩效文件存档周度\2025-09-25_2025-10-01\红豆裤袜官方旗舰店.xlsx 使用引擎: xlrd
2025-10-04 12:02:52,610 - INFO - 成功读取文件: D:\pdd\客服绩效文件存档周度\2025-09-25_2025-10-01\红豆裤袜官方旗舰店.xlsx, 数据行数: 5
2025-10-04 12:02:52,610 - INFO - 检测到文件 D:\pdd\客服绩效文件存档周度\2025-09-25_2025-10-01\红豆针织官方旗舰店.xlsx 使用引擎: xlrd
2025-10-04 12:02:52,614 - INFO - 成功读取文件: D:\pdd\客服绩效文件存档周度\2025-09-25_2025-10-01\红豆针织官方旗舰店.xlsx, 数据行数: 5
2025-10-04 12:02:52,614 - INFO - 检测到文件 D:\pdd\客服绩效文件存档周度\2025-09-25_2025-10-01\红豆针织裤袜官方旗舰店.xlsx 使用引擎: xlrd
2025-10-04 12:02:52,618 - INFO - 成功读取文件: D:\pdd\客服绩效文件存档周度\2025-09-25_2025-10-01\红豆针织裤袜官方旗舰店.xlsx, 数据行数: 9
2025-10-04 12:02:52,618 - INFO - 检测到文件 D:\pdd\客服绩效文件存档周度\2025-09-25_2025-10-01\美利奴内衣裤袜旗舰店.xlsx 使用引擎: xlrd
2025-10-04 12:02:52,622 - INFO - 成功读取文件: D:\pdd\客服绩效文件存档周度\2025-09-25_2025-10-01\美利奴内衣裤袜旗舰店.xlsx, 数据行数: 4
2025-10-04 12:02:52,622 - INFO - 检测到文件 D:\pdd\客服绩效文件存档周度\2025-09-25_2025-10-01\蕉阳布坊.xlsx 使用引擎: xlrd
2025-10-04 12:02:52,625 - INFO - 成功读取文件: D:\pdd\客服绩效文件存档周度\2025-09-25_2025-10-01\蕉阳布坊.xlsx, 数据行数: 4
2025-10-04 12:02:52,625 - INFO - 检测到文件 D:\pdd\客服绩效文件存档周度\2025-09-25_2025-10-01\诗丽尔袜子.xlsx 使用引擎: xlrd
2025-10-04 12:02:52,628 - INFO - 成功读取文件: D:\pdd\客服绩效文件存档周度\2025-09-25_2025-10-01\诗丽尔袜子.xlsx, 数据行数: 5
2025-10-04 12:02:52,628 - INFO - 检测到文件 D:\pdd\客服绩效文件存档周度\2025-09-25_2025-10-01\阿狸一次性用品旗舰店.xlsx 使用引擎: xlrd
2025-10-04 12:02:52,631 - INFO - 成功读取文件: D:\pdd\客服绩效文件存档周度\2025-09-25_2025-10-01\阿狸一次性用品旗舰店.xlsx, 数据行数: 4
2025-10-04 12:02:52,631 - INFO - 检测到文件 D:\pdd\客服绩效文件存档周度\2025-09-25_2025-10-01\阿狸双炽专卖店.xlsx 使用引擎: xlrd
2025-10-04 12:02:52,634 - INFO - 成功读取文件: D:\pdd\客服绩效文件存档周度\2025-09-25_2025-10-01\阿狸双炽专卖店.xlsx, 数据行数: 4
2025-10-04 12:02:52,634 - INFO - 检测到文件 D:\pdd\客服绩效文件存档周度\2025-09-25_2025-10-01\雅鹿yaloo运动棉袜旗舰店.xlsx 使用引擎: xlrd
2025-10-04 12:02:52,636 - INFO - 成功读取文件: D:\pdd\客服绩效文件存档周度\2025-09-25_2025-10-01\雅鹿yaloo运动棉袜旗舰店.xlsx, 数据行数: 4
2025-10-04 12:02:52,637 - INFO - 检测到文件 D:\pdd\客服绩效文件存档周度\2025-09-25_2025-10-01\雅鹿yaloo运动袜旗舰店.xlsx 使用引擎: xlrd
2025-10-04 12:02:52,639 - INFO - 成功读取文件: D:\pdd\客服绩效文件存档周度\2025-09-25_2025-10-01\雅鹿yaloo运动袜旗舰店.xlsx, 数据行数: 4
2025-10-04 12:02:52,640 - INFO - 检测到文件 D:\pdd\客服绩效文件存档周度\2025-09-25_2025-10-01\雅鹿儿童针织旗舰店.xlsx 使用引擎: xlrd
2025-10-04 12:02:52,642 - INFO - 成功读取文件: D:\pdd\客服绩效文件存档周度\2025-09-25_2025-10-01\雅鹿儿童针织旗舰店.xlsx, 数据行数: 4
2025-10-04 12:02:52,642 - INFO - 检测到文件 D:\pdd\客服绩效文件存档周度\2025-09-25_2025-10-01\雅鹿婴童用品旗舰店.xlsx 使用引擎: xlrd
2025-10-04 12:02:52,646 - INFO - 成功读取文件: D:\pdd\客服绩效文件存档周度\2025-09-25_2025-10-01\雅鹿婴童用品旗舰店.xlsx, 数据行数: 4
2025-10-04 12:02:52,646 - INFO - 检测到文件 D:\pdd\客服绩效文件存档周度\2025-09-25_2025-10-01\雅鹿学生袜子旗舰店.xlsx 使用引擎: xlrd
2025-10-04 12:02:52,649 - INFO - 成功读取文件: D:\pdd\客服绩效文件存档周度\2025-09-25_2025-10-01\雅鹿学生袜子旗舰店.xlsx, 数据行数: 4
2025-10-04 12:02:52,649 - INFO - 检测到文件 D:\pdd\客服绩效文件存档周度\2025-09-25_2025-10-01\雅鹿男袜官方旗舰店.xlsx 使用引擎: xlrd
2025-10-04 12:02:52,652 - INFO - 成功读取文件: D:\pdd\客服绩效文件存档周度\2025-09-25_2025-10-01\雅鹿男袜官方旗舰店.xlsx, 数据行数: 4
2025-10-04 12:02:52,653 - INFO - 检测到文件 D:\pdd\客服绩效文件存档周度\2025-09-25_2025-10-01\雅鹿裤袜服饰旗舰店.xlsx 使用引擎: xlrd
2025-10-04 12:02:52,656 - INFO - 成功读取文件: D:\pdd\客服绩效文件存档周度\2025-09-25_2025-10-01\雅鹿裤袜服饰旗舰店.xlsx, 数据行数: 8
2025-10-04 12:02:52,656 - INFO - 检测到文件 D:\pdd\客服绩效文件存档周度\2025-09-25_2025-10-01\雅鹿运动袜品旗舰店.xlsx 使用引擎: xlrd
2025-10-04 12:02:52,658 - INFO - 成功读取文件: D:\pdd\客服绩效文件存档周度\2025-09-25_2025-10-01\雅鹿运动袜品旗舰店.xlsx, 数据行数: 4
2025-10-04 12:02:52,659 - INFO - 检测到文件 D:\pdd\客服绩效文件存档周度\2025-09-25_2025-10-01\雅鹿针织丝袜官方旗舰店.xlsx 使用引擎: xlrd
2025-10-04 12:02:52,662 - INFO - 成功读取文件: D:\pdd\客服绩效文件存档周度\2025-09-25_2025-10-01\雅鹿针织丝袜官方旗舰店.xlsx, 数据行数: 4
2025-10-04 12:02:52,662 - INFO - 检测到文件 D:\pdd\客服绩效文件存档周度\2025-09-25_2025-10-01\雅鹿针织棉袜官方旗舰店.xlsx 使用引擎: xlrd
2025-10-04 12:02:52,665 - INFO - 成功读取文件: D:\pdd\客服绩效文件存档周度\2025-09-25_2025-10-01\雅鹿针织棉袜官方旗舰店.xlsx, 数据行数: 5
2025-10-04 12:02:52,665 - INFO - 检测到文件 D:\pdd\客服绩效文件存档周度\2025-09-25_2025-10-01\雅鹿针织配件旗舰店.xlsx 使用引擎: xlrd
2025-10-04 12:02:52,668 - INFO - 成功读取文件: D:\pdd\客服绩效文件存档周度\2025-09-25_2025-10-01\雅鹿针织配件旗舰店.xlsx, 数据行数: 4
2025-10-04 12:02:52,668 - INFO - 检测到文件 D:\pdd\客服绩效文件存档周度\2025-09-25_2025-10-01\顶瓜瓜儿童袜旗舰店.xlsx 使用引擎: xlrd
2025-10-04 12:02:52,671 - INFO - 成功读取文件: D:\pdd\客服绩效文件存档周度\2025-09-25_2025-10-01\顶瓜瓜儿童袜旗舰店.xlsx, 数据行数: 5
2025-10-04 12:02:52,671 - INFO - 检测到文件 D:\pdd\客服绩效文件存档周度\2025-09-25_2025-10-01\顶瓜瓜儿童裤袜官方旗舰店.xlsx 使用引擎: xlrd
2025-10-04 12:02:52,674 - INFO - 成功读取文件: D:\pdd\客服绩效文件存档周度\2025-09-25_2025-10-01\顶瓜瓜儿童裤袜官方旗舰店.xlsx, 数据行数: 9
2025-10-04 12:02:52,674 - INFO - 检测到文件 D:\pdd\客服绩效文件存档周度\2025-09-25_2025-10-01\顶瓜瓜塔智专卖店.xlsx 使用引擎: xlrd
2025-10-04 12:02:52,678 - INFO - 成功读取文件: D:\pdd\客服绩效文件存档周度\2025-09-25_2025-10-01\顶瓜瓜塔智专卖店.xlsx, 数据行数: 5
2025-10-04 12:02:52,678 - INFO - 检测到文件 D:\pdd\客服绩效文件存档周度\2025-09-25_2025-10-01\顶瓜瓜旗舰店.xlsx 使用引擎: xlrd
2025-10-04 12:02:52,682 - INFO - 成功读取文件: D:\pdd\客服绩效文件存档周度\2025-09-25_2025-10-01\顶瓜瓜旗舰店.xlsx, 数据行数: 5
2025-10-04 12:02:52,682 - INFO - 检测到文件 D:\pdd\客服绩效文件存档周度\2025-09-25_2025-10-01\顶瓜瓜童袜服饰旗舰店.xlsx 使用引擎: xlrd
2025-10-04 12:02:52,685 - INFO - 成功读取文件: D:\pdd\客服绩效文件存档周度\2025-09-25_2025-10-01\顶瓜瓜童袜服饰旗舰店.xlsx, 数据行数: 9
2025-10-04 12:02:52,685 - INFO - 检测到文件 D:\pdd\客服绩效文件存档周度\2025-09-25_2025-10-01\顶瓜瓜赛麦达专卖店.xlsx 使用引擎: xlrd
2025-10-04 12:02:52,688 - INFO - 成功读取文件: D:\pdd\客服绩效文件存档周度\2025-09-25_2025-10-01\顶瓜瓜赛麦达专卖店.xlsx, 数据行数: 6
2025-10-04 12:02:52,688 - INFO - 检测到文件 D:\pdd\客服绩效文件存档周度\2025-09-25_2025-10-01\顶瓜瓜针织旗舰店.xlsx 使用引擎: xlrd
2025-10-04 12:02:52,691 - INFO - 成功读取文件: D:\pdd\客服绩效文件存档周度\2025-09-25_2025-10-01\顶瓜瓜针织旗舰店.xlsx, 数据行数: 5
2025-10-04 12:02:52,691 - INFO - 检测到文件 D:\pdd\客服绩效文件存档周度\2025-09-25_2025-10-01\领路内衣裤袜专营店.xlsx 使用引擎: xlrd
2025-10-04 12:02:52,695 - INFO - 成功读取文件: D:\pdd\客服绩效文件存档周度\2025-09-25_2025-10-01\领路内衣裤袜专营店.xlsx, 数据行数: 5
2025-10-04 12:02:52,695 - INFO - 检测到文件 D:\pdd\客服绩效文件存档周度\2025-09-25_2025-10-01\领路服饰专营店.xlsx 使用引擎: xlrd
2025-10-04 12:02:52,698 - INFO - 成功读取文件: D:\pdd\客服绩效文件存档周度\2025-09-25_2025-10-01\领路服饰专营店.xlsx, 数据行数: 5
2025-10-04 12:02:52,698 - INFO - 检测到文件 D:\pdd\客服绩效文件存档周度\2025-09-25_2025-10-01\领路针纺专营店.xlsx 使用引擎: xlrd
2025-10-04 12:02:52,701 - INFO - 成功读取文件: D:\pdd\客服绩效文件存档周度\2025-09-25_2025-10-01\领路针纺专营店.xlsx, 数据行数: 5
2025-10-04 12:02:52,701 - INFO - 检测到文件 D:\pdd\客服绩效文件存档周度\2025-09-25_2025-10-01\领路针织专营店.xlsx 使用引擎: xlrd
2025-10-04 12:02:52,704 - INFO - 成功读取文件: D:\pdd\客服绩效文件存档周度\2025-09-25_2025-10-01\领路针织专营店.xlsx, 数据行数: 4
2025-10-04 12:02:52,704 - INFO - 检测到文件 D:\pdd\客服绩效文件存档周度\2025-09-25_2025-10-01\领路针织服饰专营店.xlsx 使用引擎: xlrd
2025-10-04 12:02:52,707 - INFO - 成功读取文件: D:\pdd\客服绩效文件存档周度\2025-09-25_2025-10-01\领路针织服饰专营店.xlsx, 数据行数: 9
2025-10-04 12:02:52,707 - INFO - 开始合并数据...
2025-10-04 12:02:52,924 - INFO - 合并完成！
2025-10-04 12:02:52,924 - INFO - 输出文件: D:\pdd\客服绩效文件存档周度\2025-09-25_2025-10-01\2025-09-25_2025-10-01.xlsx
2025-10-04 12:02:52,924 - INFO - 总行数: 773
2025-10-04 12:02:52,924 - INFO - 总列数: 23
2025-10-04 12:02:52,925 - INFO - 包含的店铺: ['361南宸专卖店', '361嘉昕专卖店', '361增硕专卖店', '361度亮彩专卖店', '361度景熙运动专卖店', '361度精典专卖店', '361度精特运动专卖店', '361度运动专卖店', '361度运动袜旗舰店', '361弈鑫专卖店', '361捷昕专卖店', '361棉柔专卖店', '361灏和专卖店', '361赛麦达专卖店', '361运动专卖店', 'Socks袜哒哒', 'yaloo雅鹿内衣裤袜旗舰店', 'yaloo雅鹿针织裤袜旗舰店', '七色纺内衣棉袜官方旗舰店', '七色纺内衣裤袜官方旗舰店', '七色纺裤袜官方旗舰店', '七色纺运动袜官方旗舰店', '亮彩居家企业店', '亮彩日用专营店', '亮彩日用家居专营店', '亮彩日用居家企业店', '俞兆林儿童袜业旗舰店', '俞兆林儿童袜子旗舰店', '俞兆林儿童裤袜旗舰店', '俞兆林棉袜子旗舰店', '俞兆林童袜服饰旗舰店', '儿童袜子棉柔企业店', '南宸居家企业店', '卡拉美拉棉袜旗舰店', '卡拉美拉袜子旗舰店', '双炽厨房用品专营店', '双炽居家日用专营店', '吾惗双炽专卖店', '吾惗居家旗舰店', '嘉昕运动配件1店', '回力倪菲专卖店', '回力嘉昕专卖店', '回力弈鑫专卖店', '回力棉娅专卖店', '回力津舟专卖店', '回力甄棉专卖店', '回力西有专卖店', '回力贝臻专卖店', '回力赛麦达专卖店', '回力运动袜旗舰店', '回力铭澄专卖店', '垚踏小栈', '增硕日用生活居家企业店', '好物库存促销店', '宜而爽棉袜旗舰店', '宜而爽潮袜旗舰店', '宜而爽袜品旗舰店', '宜而爽裤袜旗舰店', '帕兰朵儿童服饰旗舰店', '帕兰朵儿童棉袜旗舰店', '帕兰朵儿童袜子旗舰店', '帕兰朵儿童袜旗舰店', '帕兰朵儿童裤袜旗舰店', '帕兰朵棉袜针织旗舰店', '帕兰朵童袜旗舰店', '弈鑫家居企业店', '彤昕运动用品企业店', '捷昕内衣裤袜专营店', '捷昕打底裤袜专营店', '捷昕服饰箱包专营店', '捷昕袜子专营店', '捷昕针织专营店', '捷昕针织裤袜专营店', '日用居家企业店', '朴西南离专卖店', '朴西圭途专卖店', '森火拖拖乐', '灏和内衣裤袜专营店', '灏和服饰配件专营店', '灏和袜业专营店', '灏和袜品专营店', '灏和袜子专营店', '灏和针织裤袜专营店', '炊枭官方旗舰店', '炊枭居家官方旗舰店', '炊枭居家日用旗舰店', '红豆内衣裤袜官方旗舰店', '红豆捷昕专卖店', '红豆服饰箱包官方旗舰店', '红豆服饰配件官方旗舰店', '红豆灏和专卖店', '红豆袜品旗舰店', '红豆袜子官方旗舰店', '红豆裤袜官方旗舰店', '红豆针织官方旗舰店', '红豆针织裤袜官方旗舰店', '美利奴内衣裤袜旗舰店', '蕉阳布坊', '诗丽尔袜子', '阿狸一次性用品旗舰店', '阿狸双炽专卖店', '雅鹿yaloo运动棉袜旗舰店', '雅鹿yaloo运动袜旗舰店', '雅鹿儿童针织旗舰店', '雅鹿婴童用品旗舰店', '雅鹿学生袜子旗舰店', '雅鹿男袜官方旗舰店', '雅鹿裤袜服饰旗舰店', '雅鹿运动袜品旗舰店', '雅鹿针织丝袜官方旗舰店', '雅鹿针织棉袜官方旗舰店', '雅鹿针织配件旗舰店', '顶瓜瓜儿童袜旗舰店', '顶瓜瓜儿童裤袜官方旗舰店', '顶瓜瓜塔智专卖店', '顶瓜瓜旗舰店', '顶瓜瓜童袜服饰旗舰店', '顶瓜瓜赛麦达专卖店', '顶瓜瓜针织旗舰店', '领路内衣裤袜专营店', '领路服饰专营店', '领路针纺专营店', '领路针织专营店', '领路针织服饰专营店']
